Iteration	start_1	end_1	start_2	end_2	start_3	end_3	start_4	end_4	start_5	end_5	start_6	end_6	start_7	end_7
0	2	2	2	1	3	3	4	4	10	2	4	10	4	4
100	1	2	1	1	3	3	4	4	3	1	4	3	4	4
200	2	2	2	1	3	3	4	4	3	2	4	3	4	4
300	2	2	2	1	3	3	4	4	3	2	4	3	4	4
400	2	2	2	1	2	3	4	4	2	2	4	2	4	4
500	3	2	3	1	3	3	4	4	3	3	4	3	4	4
600	2	2	2	1	3	3	4	4	3	2	4	3	4	4
700	2	2	2	1	3	3	4	4	3	2	4	3	4	4
800	2	2	2	1	3	3	4	4	3	2	4	3	4	4
900	3	2	3	1	3	3	4	4	3	3	4	3	4	4
1000	2	2	2	1	3	3	4	4	3	2	4	3	4	4
1100	3	2	3	1	3	3	4	4	2	3	4	7	4	4
1200	2	2	2	1	3	3	4	4	3	2	4	3	4	4
1300	3	2	3	1	3	3	3	4	4	3	4	3	4	4
1400	2	2	3	1	3	3	3	4	4	7	4	3	4	4
1500	2	2	2	1	4	3	4	4	4	2	4	4	4	4
1600	3	2	3	1	3	3	3	4	4	3	4	3	4	4
1700	2	2	2	1	3	3	3	4	4	2	4	3	4	4
1800	2	2	2	1	4	3	4	4	4	2	4	4	4	4
1900	2	2	2	1	4	3	4	4	4	2	4	4	4	4
2000	2	2	2	1	4	3	4	4	4	2	4	4	4	4
2100	2	2	2	1	10	3	4	4	4	2	4	10	4	4
2200	1	2	1	1	3	3	4	4	3	1	4	3	4	4
2300	1	2	1	1	3	3	4	4	3	1	4	3	4	4
2400	1	2	1	1	3	3	4	4	3	1	4	3	4	4
2500	2	2	1	1	3	3	4	4	3	5	4	3	4	4
2600	2	2	1	1	3	3	4	4	3	5	4	3	4	4
2700	1	2	1	1	3	3	4	4	3	1	4	3	4	4
2800	2	2	2	1	2	3	4	4	2	2	4	2	4	4
2900	1	2	1	1	3	3	4	4	3	1	4	3	4	4
3000	2	2	2	1	3	3	4	4	3	2	4	3	4	4
3100	1	2	1	1	3	3	4	4	3	1	4	3	4	4
3200	1	2	1	1	2	3	4	4	2	1	4	2	4	4
3300	2	2	2	1	3	3	4	4	3	2	4	3	4	4
3400	2	2	2	1	2	3	4	4	2	2	4	2	4	4
3500	2	2	2	1	3	3	4	4	3	2	4	3	4	4
3600	1	2	1	1	4	3	4	4	4	1	4	4	4	4
3700	2	2	2	1	4	3	4	4	4	2	4	4	4	4
3800	5	2	1	1	3	3	3	4	4	5	4	3	4	4
3900	2	2	2	1	4	3	4	4	4	2	4	4	4	4
4000	2	2	2	1	4	3	4	4	4	2	4	4	4	4
4100	2	2	2	1	4	3	3	4	3	2	4	3	4	4
4200	2	2	2	1	4	3	4	4	4	2	4	4	4	4
4300	1	2	1	1	2	3	4	4	2	1	4	2	4	4
4400	2	2	2	1	3	3	4	4	3	2	4	3	4	4
4500	2	2	2	1	3	3	4	4	3	2	4	3	4	4
4600	2	2	2	1	3	3	4	4	3	2	4	3	4	4
4700	2	2	2	1	3	3	4	4	3	2	4	3	4	4
4800	2	2	2	1	4	3	4	4	4	2	4	4	4	4
4900	2	2	2	1	4	3	4	4	4	2	4	4	4	4
5000	2	2	2	1	3	3	3	4	4	2	4	3	4	4
5100	7	2	2	1	3	3	3	4	4	7	4	3	4	4
5200	3	2	3	1	4	3	4	4	4	3	4	4	4	4
5300	2	2	2	1	4	3	4	4	4	2	4	4	4	4
5400	2	2	2	1	4	3	4	4	4	2	4	4	4	4
5500	2	2	2	1	3	3	4	4	3	2	4	3	4	4
5600	3	2	3	1	4	3	4	4	4	3	4	4	4	4
5700	2	2	2	1	3	3	4	4	3	2	4	3	4	4
5800	3	2	3	1	2	3	4	4	2	3	4	2	4	4
5900	3	2	3	1	3	3	4	4	3	3	4	3	4	4
6000	2	2	2	1	2	3	4	4	2	2	4	2	4	4
6100	2	2	2	1	2	3	4	4	2	2	4	2	4	4
6200	2	2	2	1	3	3	4	4	3	2	4	3	4	4
6300	3	2	3	1	3	3	4	4	3	3	4	3	4	4
6400	2	2	2	1	3	3	4	4	2	2	4	7	4	4
6500	2	2	2	1	2	3	4	4	2	2	4	2	4	4
6600	2	2	2	1	3	3	4	4	3	2	4	3	4	4
6700	2	2	1	1	2	3	4	4	2	5	4	2	4	4
6800	2	2	2	1	2	3	4	4	2	2	4	2	4	4
6900	2	2	2	1	3	3	4	4	3	2	4	3	4	4
7000	2	2	2	1	2	3	4	4	2	2	4	2	4	4
7100	2	2	2	1	3	3	4	4	3	2	4	3	4	4
7200	2	2	2	1	2	3	4	4	2	2	4	2	4	4
7300	2	2	2	1	2	3	4	4	2	2	4	2	4	4
7400	2	2	2	1	3	3	4	4	3	2	4	3	4	4
7500	2	2	2	1	3	3	4	4	3	2	4	3	4	4
7600	2	2	2	1	3	3	4	4	3	2	4	3	4	4
7700	2	2	2	1	3	3	4	4	3	2	4	3	4	4
7800	2	2	2	1	3	3	4	4	3	2	4	3	4	4
7900	1	2	1	1	2	3	4	4	2	1	4	2	4	4
8000	1	2	1	1	2	3	4	4	2	1	4	2	4	4
8100	1	2	1	1	3	3	4	4	3	1	4	3	4	4
8200	2	2	2	1	3	3	4	4	3	2	4	3	4	4
8300	2	2	2	1	3	3	4	4	3	2	4	3	4	4
8400	1	2	1	1	2	3	4	4	2	1	4	2	4	4
8500	2	2	2	1	2	3	4	4	2	2	4	2	4	4
8600	1	2	1	1	2	3	4	4	2	1	4	2	4	4
8700	1	2	1	1	3	3	4	4	3	1	4	3	4	4
8800	2	2	2	1	2	3	4	4	2	2	4	2	4	4
8900	2	2	2	1	2	3	4	4	2	2	4	2	4	4
9000	2	2	2	1	3	3	4	4	3	2	4	3	4	4
9100	1	2	1	1	2	3	4	4	2	1	4	2	4	4
9200	2	2	2	1	2	3	4	4	2	2	4	2	4	4
9300	1	2	1	1	3	3	4	4	3	1	4	3	4	4
9400	1	2	1	1	2	3	4	4	2	1	4	2	4	4
9500	1	2	1	1	2	3	4	4	2	1	4	2	4	4
9600	1	2	1	1	3	3	4	4	3	1	4	3	4	4
9700	2	2	2	1	3	3	4	4	3	2	4	3	4	4
9800	5	2	2	1	3	3	4	4	3	5	4	3	4	4
9900	2	2	2	1	3	3	4	4	3	2	4	3	4	4
10000	1	2	1	1	3	3	4	4	3	1	4	3	4	4
10100	1	2	1	1	2	3	4	4	2	1	4	2	4	4
10200	2	2	2	1	2	3	4	4	2	2	4	2	4	4
10300	1	2	1	1	2	3	4	4	2	1	4	2	4	4
10400	2	2	2	1	2	3	4	4	2	2	4	2	4	4
10500	2	2	2	1	3	3	4	4	3	2	4	3	4	4
10600	2	2	2	1	3	3	4	4	3	2	4	3	4	4
10700	1	2	1	1	3	3	4	4	3	1	4	3	4	4
10800	2	2	2	1	3	3	4	4	3	2	4	3	4	4
10900	2	2	2	1	2	3	4	4	2	2	4	2	4	4
11000	2	2	2	1	2	3	4	4	2	2	4	2	4	4
11100	2	2	2	1	3	3	4	4	3	2	4	3	4	4
11200	1	2	1	1	2	3	4	4	2	1	4	2	4	4
11300	2	2	2	1	2	3	4	4	2	2	4	2	4	4
11400	2	2	2	1	3	3	4	4	3	2	4	3	4	4
11500	2	2	2	1	3	3	4	4	3	2	4	3	4	4
11600	2	2	2	1	2	3	4	4	2	2	4	2	4	4
11700	2	2	2	1	2	3	4	4	2	2	4	2	4	4
11800	2	2	2	1	3	3	4	4	3	2	4	3	4	4
11900	2	2	2	1	3	3	4	4	3	2	4	3	4	4
12000	2	2	2	1	3	3	4	4	3	2	4	3	4	4
12100	2	2	2	1	3	3	4	4	3	2	4	3	4	4
12200	2	2	2	1	3	3	4	4	3	2	4	3	4	4
12300	2	2	2	1	3	3	4	4	3	2	4	3	4	4
12400	2	2	2	1	2	3	4	4	2	2	4	2	4	4
12500	2	2	2	1	3	3	4	4	7	2	4	7	4	4
12600	2	2	2	1	2	3	4	4	2	2	4	2	4	4
12700	2	2	1	1	3	3	4	4	3	5	4	3	4	4
12800	2	2	1	1	3	3	4	4	3	5	4	3	4	4
12900	1	2	1	1	2	3	4	4	2	1	4	2	4	4
13000	1	2	1	1	2	3	4	4	2	1	4	2	4	4
13100	2	2	2	1	2	3	4	4	2	2	4	2	4	4
13200	1	2	1	1	2	3	4	4	2	1	4	2	4	4
13300	1	2	1	1	2	3	4	4	2	1	4	2	4	4
13400	2	2	2	1	2	3	4	4	2	2	4	2	4	4
13500	2	2	2	1	3	3	4	4	3	2	4	3	4	4
13600	2	2	2	1	2	3	4	4	2	2	4	2	4	4
13700	1	2	1	1	2	3	4	4	2	1	4	2	4	4
13800	1	2	1	1	3	3	4	4	3	1	4	3	4	4
13900	2	2	2	1	3	3	4	4	3	2	4	3	4	4
14000	2	2	2	1	3	3	4	4	3	2	4	3	4	4
14100	2	2	2	1	3	3	4	4	3	2	4	3	4	4
14200	2	2	2	1	3	3	4	4	3	2	4	3	4	4
14300	1	2	1	1	3	3	4	4	3	1	4	3	4	4
14400	2	2	2	1	3	3	4	4	3	2	4	3	4	4
14500	1	2	1	1	2	3	4	4	2	1	4	2	4	4
14600	1	2	1	1	3	3	4	4	3	1	4	3	4	4
14700	2	2	2	1	2	3	4	4	2	2	4	2	4	4
14800	2	2	2	1	3	3	4	4	3	2	4	3	4	4
14900	2	2	2	1	4	3	4	4	4	2	4	4	4	4
15000	1	2	1	1	4	3	4	4	4	1	4	4	4	4
15100	2	2	2	1	3	3	4	4	3	2	4	3	4	4
15200	2	2	2	1	3	3	4	4	3	2	4	3	4	4
15300	2	2	2	1	3	3	4	4	3	2	4	3	4	4
15400	2	2	1	1	2	3	4	4	2	5	4	2	4	4
15500	1	2	1	1	3	3	4	4	3	1	4	3	4	4
15600	2	2	2	1	2	3	4	4	2	2	4	2	4	4
15700	2	2	2	1	2	3	4	4	2	2	4	2	4	4
15800	2	2	2	1	3	3	4	4	3	2	4	3	4	4
15900	2	2	2	1	3	3	4	4	3	2	4	3	4	4
16000	1	2	1	1	2	3	4	4	2	1	4	2	4	4
16100	2	2	2	1	2	3	4	4	2	2	4	2	4	4
16200	2	2	2	1	3	3	4	4	3	2	4	3	4	4
16300	2	2	2	1	3	3	4	4	3	2	4	3	4	4
16400	2	2	2	1	2	3	4	4	2	2	4	2	4	4
16500	3	2	3	1	2	3	4	4	2	3	4	2	4	4
16600	3	2	3	1	2	3	4	4	2	3	4	2	4	4
16700	2	2	2	1	3	3	4	4	3	2	4	3	4	4
16800	3	2	3	1	3	3	4	4	3	3	4	3	4	4
16900	2	2	2	1	2	3	4	4	2	2	4	2	4	4
17000	2	2	2	1	2	3	4	4	2	2	4	2	4	4
17100	2	2	2	1	3	3	4	4	3	2	4	3	4	4
17200	3	2	3	1	2	3	4	4	2	3	4	2	4	4
17300	2	2	2	1	3	3	4	4	3	2	4	3	4	4
17400	2	2	2	1	3	3	4	4	3	2	4	3	4	4
17500	2	2	2	1	3	3	4	4	3	2	4	3	4	4
17600	2	2	2	1	3	3	4	4	3	2	4	3	4	4
17700	2	2	2	1	3	3	4	4	3	2	4	3	4	4
17800	2	2	2	1	3	3	4	4	3	2	4	3	4	4
17900	2	2	2	1	3	3	4	4	3	2	4	3	4	4
18000	2	2	2	1	3	3	4	4	3	2	4	3	4	4
18100	2	2	2	1	3	3	4	4	3	2	4	3	4	4
18200	2	2	2	1	3	3	4	4	3	2	4	3	4	4
18300	2	2	2	1	3	3	4	4	3	2	4	3	4	4
18400	2	2	2	1	3	3	4	4	3	2	4	3	4	4
18500	2	2	2	1	2	3	4	4	2	2	4	2	4	4
18600	2	2	2	1	3	3	4	4	3	2	4	3	4	4
18700	2	2	2	1	3	3	4	4	3	2	4	3	4	4
18800	2	2	2	1	3	3	4	4	3	2	4	3	4	4
18900	2	2	2	1	3	3	4	4	3	2	4	3	4	4
19000	2	2	2	1	3	3	4	4	3	2	4	3	4	4
19100	2	2	2	1	3	3	4	4	3	2	4	3	4	4
19200	2	2	2	1	4	3	4	4	4	2	4	4	4	4
19300	3	2	3	1	3	3	4	4	3	3	4	3	4	4
19400	2	2	2	1	3	3	4	4	3	2	4	3	4	4
19500	2	2	2	1	2	3	4	4	2	2	4	2	4	4
19600	2	2	2	1	3	3	4	4	3	2	4	3	4	4
19700	3	2	3	1	3	3	4	4	3	3	4	3	4	4
19800	3	2	3	1	3	3	4	4	3	3	4	3	4	4
19900	3	2	3	1	3	3	4	4	3	3	4	3	4	4
20000	3	2	3	1	3	3	4	4	3	3	4	3	4	4
20100	2	2	2	1	4	3	4	4	4	2	4	4	4	4
20200	2	2	2	1	2	3	4	4	2	2	4	2	4	4
20300	3	2	3	1	3	3	4	4	3	3	4	3	4	4
20400	2	2	2	1	3	3	4	4	3	2	4	3	4	4
20500	7	2	2	1	3	3	4	4	3	7	4	3	4	4
20600	2	2	2	1	4	3	4	4	4	2	4	4	4	4
20700	3	2	3	1	4	3	4	4	4	3	4	4	4	4
20800	3	2	3	1	4	3	4	4	4	3	4	4	4	4
20900	3	2	3	1	4	3	4	4	4	3	4	4	4	4
21000	2	2	2	1	4	3	4	4	4	2	4	4	4	4
21100	3	2	3	1	4	3	4	4	4	3	4	4	4	4
21200	2	2	2	1	3	3	4	4	3	2	4	3	4	4
21300	2	2	2	1	3	3	4	4	3	2	4	3	4	4
21400	2	2	2	1	4	3	4	4	4	2	4	4	4	4
21500	3	2	3	1	4	3	4	4	4	3	4	4	4	4
21600	3	2	3	1	4	3	4	4	4	3	4	4	4	4
21700	2	2	2	1	3	3	4	4	3	2	4	3	4	4
21800	3	2	3	1	4	3	4	4	4	3	4	4	4	4
21900	3	2	3	1	4	3	4	4	4	3	4	4	4	4
22000	3	2	3	1	4	3	4	4	4	3	4	4	4	4
22100	2	2	2	1	4	3	4	4	4	2	4	4	4	4
22200	2	2	2	1	4	3	4	4	4	2	4	4	4	4
22300	2	2	2	1	4	3	4	4	4	2	4	4	4	4
22400	3	2	3	1	4	3	4	4	4	3	4	4	4	4
22500	2	2	2	1	3	3	4	4	3	2	4	3	4	4
22600	3	2	3	1	4	3	4	4	4	3	4	4	4	4
22700	2	2	2	1	3	3	4	4	3	2	4	3	4	4
22800	3	2	3	1	3	3	4	4	3	3	4	3	4	4
22900	2	2	2	1	2	3	4	4	2	2	4	2	4	4
23000	2	2	2	1	2	3	4	4	2	2	4	2	4	4
23100	2	2	2	1	2	3	4	4	2	2	4	2	4	4
23200	2	2	2	1	3	3	4	4	3	2	4	3	4	4
23300	2	2	2	1	3	3	4	4	3	2	4	3	4	4
23400	3	2	3	1	4	3	4	4	4	3	4	4	4	4
23500	3	2	3	1	3	3	4	4	3	3	4	3	4	4
23600	2	2	2	1	3	3	4	4	3	2	4	3	4	4
23700	1	2	1	1	2	3	4	4	2	1	4	2	4	4
23800	2	2	2	1	2	3	4	4	2	2	4	2	4	4
23900	2	2	2	1	3	3	4	4	3	2	4	3	4	4
24000	2	2	2	1	3	3	4	4	3	2	4	3	4	4
24100	2	2	2	1	3	3	4	4	3	2	4	3	4	4
24200	2	2	2	1	3	3	4	4	3	2	4	3	4	4
24300	3	2	3	1	3	3	4	4	3	3	4	3	4	4
24400	2	2	2	1	3	3	4	4	3	2	4	3	4	4
24500	3	2	3	1	3	3	4	4	3	3	4	3	4	4
24600	2	2	2	1	2	3	4	4	2	2	4	2	4	4
24700	2	2	2	1	3	3	4	4	3	2	4	3	4	4
24800	2	2	2	1	3	3	4	4	3	2	4	3	4	4
24900	2	2	2	1	3	3	4	4	3	2	4	3	4	4
25000	2	2	2	1	2	3	4	4	2	2	4	2	4	4
25100	2	2	2	1	2	3	4	4	2	2	4	2	4	4
25200	2	2	2	1	3	3	4	4	3	2	4	3	4	4
25300	2	2	2	1	3	3	4	4	3	2	4	3	4	4
25400	2	2	2	1	3	3	4	4	3	2	4	3	4	4
25500	2	2	2	1	3	3	4	4	3	2	4	3	4	4
25600	2	2	2	1	3	3	4	4	3	2	4	3	4	4
25700	2	2	2	1	3	3	4	4	3	2	4	3	4	4
25800	2	2	2	1	2	3	4	4	2	2	4	2	4	4
25900	2	2	2	1	2	3	4	4	2	2	4	2	4	4
26000	2	2	2	1	3	3	4	4	3	2	4	3	4	4
26100	2	2	2	1	2	3	4	4	2	2	4	2	4	4
26200	2	2	2	1	3	3	4	4	3	2	4	3	4	4
26300	2	2	2	1	3	3	4	4	3	2	4	3	4	4
26400	2	2	1	1	3	3	4	4	3	5	4	3	4	4
26500	2	2	2	1	3	3	4	4	3	2	4	3	4	4
26600	2	2	2	1	3	3	4	4	3	2	4	3	4	4
26700	1	2	1	1	2	3	4	4	2	1	4	2	4	4
26800	2	2	2	1	3	3	4	4	3	2	4	3	4	4
26900	2	2	2	1	3	3	4	4	3	2	4	3	4	4
27000	2	2	2	1	3	3	4	4	3	2	4	3	4	4
27100	2	2	2	1	2	3	4	4	2	2	4	2	4	4
27200	2	2	2	1	3	3	4	4	3	2	4	3	4	4
27300	1	2	1	1	3	3	4	4	3	1	4	3	4	4
27400	2	2	2	1	3	3	4	4	3	2	4	3	4	4
27500	2	2	2	1	3	3	4	4	3	2	4	3	4	4
27600	2	2	2	1	2	3	4	4	2	2	4	2	4	4
27700	2	2	2	1	3	3	4	4	3	2	4	3	4	4
27800	1	2	1	1	3	3	4	4	3	1	4	3	4	4
27900	1	2	1	1	3	3	4	4	3	1	4	3	4	4
28000	2	2	2	1	3	3	4	4	3	2	4	3	4	4
28100	3	2	3	1	3	3	4	4	3	3	4	3	4	4
28200	1	2	1	1	3	3	4	4	3	1	4	3	4	4
28300	2	2	2	1	4	3	4	4	4	2	4	4	4	4
28400	2	2	2	1	4	3	4	4	4	2	4	4	4	4
28500	2	2	2	1	3	3	4	4	3	2	4	3	4	4
28600	2	2	2	1	2	3	4	4	2	2	4	2	4	4
28700	2	2	2	1	3	3	4	4	3	2	4	3	4	4
28800	1	2	1	1	2	3	4	4	2	1	4	2	4	4
28900	3	2	3	1	3	3	4	4	3	3	4	3	4	4
29000	2	2	2	1	3	3	4	4	3	2	4	3	4	4
29100	3	2	3	1	2	3	4	4	2	3	4	2	4	4
29200	2	2	2	1	3	3	4	4	3	2	4	3	4	4
29300	2	2	2	1	2	3	4	4	2	2	4	2	4	4
29400	2	2	2	1	2	3	4	4	2	2	4	2	4	4
29500	2	2	2	1	3	3	4	4	3	2	4	3	4	4
29600	2	2	2	1	3	3	4	4	3	2	4	3	4	4
29700	2	2	2	1	3	3	4	4	3	2	4	3	4	4
29800	2	2	2	1	2	3	4	4	2	2	4	2	4	4
29900	2	2	2	1	3	3	4	4	3	2	4	3	4	4
30000	2	2	2	1	3	3	4	4	3	2	4	3	4	4
30100	2	2	2	1	3	3	4	4	3	2	4	3	4	4
30200	1	2	1	1	2	3	4	4	2	1	4	2	4	4
30300	2	2	2	1	3	3	4	4	3	2	4	3	4	4
30400	2	2	2	1	2	3	4	4	2	2	4	2	4	4
30500	2	2	2	1	3	3	4	4	3	2	4	3	4	4
30600	1	2	1	1	2	3	4	4	2	1	4	2	4	4
30700	1	2	1	1	3	3	4	4	3	1	4	3	4	4
30800	2	2	2	1	2	3	4	4	2	2	4	2	4	4
30900	2	2	2	1	3	3	4	4	3	2	4	3	4	4
31000	1	2	1	1	3	3	4	4	3	1	4	3	4	4
31100	2	2	2	1	3	3	4	4	3	2	4	3	4	4
31200	2	2	2	1	3	3	4	4	3	2	4	3	4	4
31300	2	2	2	1	3	3	4	4	3	2	4	3	4	4
31400	1	2	1	1	3	3	4	4	3	1	4	3	4	4
31500	2	2	2	1	2	3	4	4	2	2	4	2	4	4
31600	2	2	2	1	2	3	4	4	2	2	4	2	4	4
31700	1	2	1	1	2	3	4	4	2	1	4	2	4	4
31800	2	2	2	1	2	3	4	4	2	2	4	2	4	4
31900	1	2	1	1	2	3	4	4	2	1	4	2	4	4
32000	2	2	2	1	2	3	4	4	3	2	4	7	4	4
32100	2	2	2	1	3	3	4	4	3	2	4	3	4	4
32200	3	2	3	1	2	3	4	4	2	3	4	2	4	4
32300	2	2	2	1	3	3	4	4	3	2	4	3	4	4
32400	2	2	2	1	2	3	4	4	2	2	4	2	4	4
32500	3	2	3	1	2	3	4	4	2	3	4	2	4	4
32600	2	2	2	1	3	3	4	4	3	2	4	3	4	4
32700	2	2	2	1	3	3	4	4	3	2	4	3	4	4
32800	2	2	2	1	2	3	4	4	2	2	4	2	4	4
32900	2	2	2	1	2	3	4	4	2	2	4	2	4	4
33000	2	2	2	1	3	3	4	4	3	2	4	3	4	4
33100	2	2	2	1	3	3	4	4	3	2	4	3	4	4
33200	2	2	2	1	3	3	4	4	3	2	4	3	4	4
33300	1	2	1	1	3	3	4	4	3	1	4	3	4	4
33400	2	2	2	1	2	3	4	4	2	2	4	2	4	4
33500	2	2	2	1	3	3	4	4	3	2	4	3	4	4
33600	2	2	2	1	2	3	4	4	2	2	4	2	4	4
33700	3	2	3	1	3	3	4	4	3	3	4	3	4	4
33800	2	2	2	1	3	3	4	4	3	2	4	3	4	4
33900	2	2	2	1	3	3	4	4	3	2	4	3	4	4
34000	2	2	2	1	2	3	4	4	2	2	4	2	4	4
34100	2	2	2	1	3	3	4	4	3	2	4	3	4	4
34200	1	2	1	1	2	3	4	4	2	1	4	2	4	4
34300	2	2	2	1	2	3	4	4	2	2	4	2	4	4
34400	2	2	2	1	3	3	4	4	3	2	4	3	4	4
34500	2	2	2	1	2	3	4	4	2	2	4	2	4	4
34600	2	2	2	1	2	3	4	4	2	2	4	2	4	4
34700	2	2	2	1	2	3	4	4	2	2	4	2	4	4
34800	2	2	2	1	3	3	4	4	3	2	4	3	4	4
34900	2	2	2	1	2	3	4	4	2	2	4	2	4	4
35000	2	2	2	1	2	3	4	4	2	2	4	2	4	4
35100	2	2	2	1	3	3	4	4	3	2	4	3	4	4
35200	2	2	2	1	3	3	4	4	3	2	4	3	4	4
35300	3	2	3	1	3	3	4	4	3	3	4	3	4	4
35400	2	2	2	1	3	3	4	4	3	2	4	3	4	4
35500	3	2	3	1	2	3	4	4	2	3	4	2	4	4
35600	2	2	2	1	2	3	4	4	2	2	4	2	4	4
35700	2	2	2	1	3	3	4	4	3	2	4	3	4	4
35800	2	2	2	1	2	3	4	4	2	2	4	2	4	4
35900	2	2	2	1	3	3	4	4	3	2	4	3	4	4
36000	2	2	2	1	2	3	4	4	2	2	4	2	4	4
36100	2	2	2	1	3	3	4	4	3	2	4	3	4	4
36200	2	2	2	1	2	3	4	4	2	2	4	2	4	4
36300	3	2	3	1	2	3	4	4	2	3	4	2	4	4
36400	2	2	2	1	2	3	4	4	2	2	4	2	4	4
36500	2	2	2	1	3	3	4	4	3	2	4	3	4	4
36600	2	2	2	1	2	3	4	4	2	2	4	2	4	4
36700	3	2	3	1	3	3	4	4	3	3	4	3	4	4
36800	2	2	2	1	3	3	4	4	3	2	4	3	4	4
36900	2	2	2	1	2	3	4	4	2	2	4	2	4	4
37000	2	2	2	1	3	3	4	4	3	2	4	3	4	4
37100	2	2	2	1	3	3	4	4	3	2	4	3	4	4
37200	2	2	2	1	2	3	4	4	2	2	4	2	4	4
37300	2	2	2	1	3	3	4	4	3	2	4	3	4	4
37400	2	2	2	1	3	3	4	4	3	2	4	3	4	4
37500	2	2	2	1	3	3	4	4	3	2	4	3	4	4
37600	2	2	2	1	2	3	4	4	2	2	4	2	4	4
37700	2	2	2	1	3	3	4	4	3	2	4	3	4	4
37800	2	2	2	1	3	3	4	4	3	2	4	3	4	4
37900	1	2	1	1	2	3	4	4	2	1	4	2	4	4
38000	2	2	2	1	2	3	4	4	2	2	4	2	4	4
38100	3	2	3	1	3	3	4	4	3	3	4	3	4	4
38200	2	2	2	1	3	3	4	4	3	2	4	3	4	4
38300	2	2	2	1	3	3	4	4	3	2	4	3	4	4
38400	2	2	2	1	3	3	4	4	3	2	4	3	4	4
38500	2	2	2	1	2	3	4	4	2	2	4	2	4	4
38600	2	2	2	1	4	3	4	4	4	2	4	4	4	4
38700	2	2	2	1	4	3	4	4	4	2	4	4	4	4
38800	2	2	2	1	4	3	3	4	3	2	4	3	4	4
38900	3	2	3	1	10	3	4	4	4	3	4	10	4	4
39000	3	2	3	1	4	3	4	4	4	3	4	4	4	4
39100	2	2	1	1	3	3	4	4	3	5	4	3	4	4
39200	2	2	2	1	3	3	4	4	3	2	4	3	4	4
39300	2	2	2	1	4	3	4	4	4	2	4	4	4	4
39400	2	2	2	1	4	3	4	4	4	2	4	4	4	4
39500	2	2	2	1	4	3	4	4	4	2	4	4	4	4
39600	2	2	2	1	2	3	4	4	2	2	4	2	4	4
39700	2	2	2	1	2	3	4	4	2	2	4	2	4	4
39800	1	2	1	1	3	3	4	4	3	1	4	3	4	4
39900	1	2	1	1	3	3	4	4	3	1	4	3	4	4
40000	2	2	2	1	3	3	4	4	3	2	4	3	4	4
40100	1	2	1	1	2	3	4	4	2	1	4	2	4	4
40200	2	2	2	1	3	3	4	4	3	2	4	3	4	4
40300	1	2	1	1	2	3	4	4	2	1	4	2	4	4
40400	2	2	2	1	3	3	4	4	3	2	4	3	4	4
40500	2	2	2	1	3	3	4	4	3	2	4	3	4	4
40600	2	2	2	1	3	3	4	4	3	2	4	3	4	4
40700	2	2	2	1	3	3	4	4	3	2	4	3	4	4
40800	2	2	2	1	2	3	4	4	2	2	4	2	4	4
40900	1	2	1	1	2	3	4	4	2	1	4	2	4	4
41000	2	2	5	1	3	3	4	4	3	5	4	3	4	4
41100	1	2	1	1	2	3	4	4	2	1	4	2	4	4
41200	2	2	2	1	3	3	4	4	3	2	4	3	4	4
41300	2	2	2	1	3	3	4	4	3	2	4	3	4	4
41400	1	2	5	1	3	3	4	4	3	5	4	3	4	4
41500	2	2	2	1	3	3	4	4	3	2	4	3	4	4
41600	2	2	2	1	3	3	4	4	3	2	4	3	4	4
41700	2	2	2	1	3	3	4	4	3	2	4	3	4	4
41800	2	2	2	1	2	3	4	4	2	2	4	2	4	4
41900	1	2	1	1	3	3	4	4	3	1	4	3	4	4
42000	2	2	2	1	3	3	4	4	3	2	4	3	4	4
42100	1	2	1	1	2	3	4	4	2	1	4	2	4	4
42200	2	2	2	1	2	3	4	4	2	2	4	2	4	4
42300	2	2	2	1	3	3	4	4	3	2	4	3	4	4
42400	2	2	2	1	3	3	4	4	3	2	4	3	4	4
42500	2	2	2	1	3	3	4	4	3	2	4	3	4	4
42600	2	2	2	1	2	3	4	4	2	2	4	2	4	4
42700	2	2	2	1	3	3	4	4	3	2	4	3	4	4
42800	2	2	2	1	3	3	4	4	2	2	4	7	4	4
42900	2	2	2	1	3	3	4	4	3	2	4	3	4	4
43000	2	2	2	1	3	3	4	4	3	2	4	3	4	4
43100	2	2	2	1	2	3	4	4	2	2	4	2	4	4
43200	2	2	2	1	2	3	4	4	2	2	4	2	4	4
43300	2	2	2	1	2	3	4	4	2	2	4	2	4	4
43400	2	2	2	1	2	3	4	4	2	2	4	2	4	4
43500	2	2	2	1	2	3	4	4	2	2	4	2	4	4
43600	2	2	2	1	3	3	4	4	3	2	4	3	4	4
43700	2	2	2	1	2	3	4	4	2	2	4	2	4	4
43800	1	2	1	1	2	3	4	4	2	1	4	2	4	4
43900	2	2	2	1	2	3	4	4	2	2	4	2	4	4
44000	2	2	2	1	3	3	4	4	3	2	4	3	4	4
44100	2	2	2	1	3	3	4	4	3	2	4	3	4	4
44200	2	2	2	1	3	3	4	4	3	2	4	3	4	4
44300	2	2	2	1	2	3	4	4	2	2	4	2	4	4
44400	2	2	2	1	3	3	4	4	3	2	4	3	4	4
44500	1	2	1	1	2	3	4	4	2	1	4	2	4	4
44600	2	2	2	1	2	3	4	4	2	2	4	2	4	4
44700	2	2	2	1	2	3	4	4	2	2	4	2	4	4
44800	2	2	2	1	2	3	4	4	2	2	4	2	4	4
44900	1	2	1	1	7	3	4	4	2	1	4	7	4	4
45000	2	2	2	1	3	3	4	4	3	2	4	3	4	4
45100	2	2	2	1	3	3	4	4	3	2	4	3	4	4
45200	3	2	3	1	3	3	4	4	3	3	4	3	4	4
45300	2	2	2	1	2	3	4	4	2	2	4	2	4	4
45400	2	2	2	1	3	3	4	4	3	2	4	3	4	4
45500	2	2	2	1	3	3	4	4	3	2	4	3	4	4
45600	2	2	2	1	2	3	4	4	2	2	4	2	4	4
45700	2	2	2	1	2	3	4	4	2	2	4	2	4	4
45800	2	2	2	1	2	3	4	4	2	2	4	2	4	4
45900	3	2	2	1	3	3	4	4	3	7	4	3	4	4
46000	2	2	2	1	3	3	4	4	3	2	4	3	4	4
46100	2	2	2	1	3	3	4	4	3	2	4	3	4	4
46200	3	2	3	1	3	3	4	4	3	3	4	3	4	4
46300	2	2	2	1	3	3	4	4	3	2	4	3	4	4
46400	2	2	2	1	2	3	4	4	2	2	4	2	4	4
46500	2	2	2	1	3	3	4	4	3	2	4	3	4	4
46600	2	2	2	1	3	3	4	4	3	2	4	3	4	4
46700	2	2	2	1	2	3	4	4	2	2	4	2	4	4
46800	2	2	2	1	2	3	4	4	2	2	4	2	4	4
46900	2	2	2	1	2	3	4	4	2	2	4	2	4	4
47000	2	2	2	1	3	3	4	4	3	2	4	3	4	4
47100	2	2	2	1	3	3	4	4	3	2	4	3	4	4
47200	2	2	2	1	3	3	4	4	3	2	4	3	4	4
47300	2	2	2	1	2	3	4	4	2	2	4	2	4	4
47400	2	2	2	1	3	3	4	4	3	2	4	3	4	4
47500	1	2	1	1	2	3	4	4	2	1	4	2	4	4
47600	2	2	2	1	2	3	4	4	2	2	4	2	4	4
47700	2	2	2	1	3	3	4	4	3	2	4	3	4	4
47800	2	2	2	1	3	3	4	4	3	2	4	3	4	4
47900	2	2	2	1	2	3	4	4	2	2	4	2	4	4
48000	2	2	2	1	2	3	4	4	2	2	4	2	4	4
48100	2	2	2	1	2	3	4	4	2	2	4	2	4	4
48200	2	2	2	1	2	3	4	4	2	2	4	2	4	4
48300	2	2	2	1	2	3	4	4	2	2	4	2	4	4
48400	2	2	2	1	2	3	4	4	2	2	4	2	4	4
48500	2	2	2	1	2	3	4	4	2	2	4	2	4	4
48600	2	2	2	1	2	3	4	4	2	2	4	2	4	4
48700	2	2	2	1	2	3	4	4	2	2	4	2	4	4
48800	2	2	2	1	2	3	4	4	2	2	4	2	4	4
48900	2	2	2	1	2	3	4	4	2	2	4	2	4	4
49000	2	2	2	1	2	3	4	4	2	2	4	2	4	4
49100	2	2	2	1	3	3	4	4	3	2	4	3	4	4
49200	2	2	2	1	2	3	4	4	2	2	4	2	4	4
49300	2	2	2	1	2	3	4	4	2	2	4	2	4	4
49400	2	2	2	1	3	3	4	4	3	2	4	3	4	4
49500	2	2	2	1	3	3	4	4	3	2	4	3	4	4
49600	2	2	2	1	3	3	4	4	3	2	4	3	4	4
49700	2	2	2	1	3	3	4	4	3	2	4	3	4	4
49800	2	2	2	1	2	3	4	4	2	2	4	2	4	4
49900	2	2	2	1	3	3	4	4	3	2	4	3	4	4
50000	3	2	3	1	2	3	4	4	2	3	4	2	4	4
50100	2	2	1	1	3	3	4	4	3	5	4	3	4	4
50200	2	2	1	1	3	3	4	4	3	5	4	3	4	4
50300	2	2	2	1	2	3	4	4	2	2	4	2	4	4
50400	1	2	1	1	2	3	4	4	2	1	4	2	4	4
50500	2	2	2	1	3	3	4	4	3	2	4	3	4	4
50600	2	2	2	1	2	3	4	4	2	2	4	2	4	4
50700	2	2	2	1	3	3	4	4	3	2	4	3	4	4
50800	1	2	1	1	3	3	4	4	3	1	4	3	4	4
50900	2	2	2	1	2	3	4	4	2	2	4	2	4	4
51000	2	2	2	1	3	3	4	4	3	2	4	3	4	4
51100	2	2	2	1	2	3	4	4	2	2	4	2	4	4
51200	2	2	2	1	3	3	4	4	3	2	4	3	4	4
51300	2	2	2	1	3	3	4	4	3	2	4	3	4	4
51400	3	2	7	1	2	3	4	4	7	7	4	7	4	4
51500	1	2	1	1	2	3	4	4	2	1	4	2	4	4
51600	2	2	2	1	3	3	4	4	3	2	4	3	4	4
51700	2	2	2	1	3	3	4	4	3	2	4	3	4	4
51800	2	2	2	1	3	3	4	4	3	2	4	3	4	4
51900	2	2	2	1	2	3	4	4	2	2	4	2	4	4
52000	2	2	2	1	3	3	4	4	2	2	4	7	4	4
52100	2	2	2	1	3	3	4	4	3	2	4	3	4	4
52200	1	2	1	1	2	3	4	4	2	1	4	2	4	4
52300	2	2	2	1	2	3	4	4	2	2	4	2	4	4
52400	2	2	2	1	4	3	4	4	4	2	4	4	4	4
52500	3	2	3	1	3	3	4	4	3	3	4	3	4	4
52600	2	2	2	1	3	3	4	4	3	2	4	3	4	4
52700	2	2	2	1	4	3	4	4	4	2	4	4	4	4
52800	2	2	2	1	2	3	4	4	2	2	4	2	4	4
52900	2	2	2	1	4	3	4	4	4	2	4	4	4	4
53000	2	2	2	1	4	3	4	4	4	2	4	4	4	4
53100	2	2	2	1	3	3	4	4	3	2	4	3	4	4
53200	2	2	2	1	3	3	4	4	3	2	4	3	4	4
53300	2	2	2	1	3	3	4	4	3	2	4	3	4	4
53400	2	2	2	1	3	3	4	4	3	2	4	3	4	4
53500	2	2	2	1	3	3	4	4	3	2	4	3	4	4
53600	2	2	2	1	3	3	4	4	3	2	4	3	4	4
53700	2	2	2	1	3	3	4	4	3	2	4	3	4	4
53800	2	2	2	1	3	3	4	4	3	2	4	3	4	4
53900	2	2	2	1	3	3	4	4	3	2	4	3	4	4
54000	2	2	2	1	3	3	4	4	3	2	4	3	4	4
54100	2	2	2	1	4	3	4	4	4	2	4	4	4	4
54200	2	2	2	1	4	3	4	4	4	2	4	4	4	4
54300	2	2	2	1	4	3	4	4	4	2	4	4	4	4
54400	2	2	2	1	4	3	4	4	4	2	4	4	4	4
54500	2	2	2	1	4	3	4	4	4	2	4	4	4	4
54600	2	2	2	1	3	3	4	4	3	2	4	3	4	4
54700	2	2	2	1	2	3	4	4	2	2	4	2	4	4
54800	1	2	1	1	3	3	4	4	3	1	4	3	4	4
54900	2	2	2	1	3	3	4	4	3	2	4	3	4	4
55000	2	2	2	1	3	3	4	4	3	2	4	3	4	4
55100	2	2	2	1	3	3	4	4	3	2	4	3	4	4
55200	2	2	2	1	3	3	4	4	3	2	4	3	4	4
55300	2	2	2	1	3	3	4	4	3	2	4	3	4	4
55400	2	2	2	1	3	3	4	4	3	2	4	3	4	4
55500	2	2	2	1	3	3	4	4	3	2	4	3	4	4
55600	2	2	2	1	3	3	4	4	3	2	4	3	4	4
55700	2	2	2	1	2	3	4	4	2	2	4	2	4	4
55800	2	2	2	1	2	3	4	4	2	2	4	2	4	4
55900	3	2	3	1	3	3	4	4	3	3	4	3	4	4
56000	2	2	5	1	2	3	4	4	2	5	4	2	4	4
56100	1	2	1	1	3	3	4	4	3	1	4	3	4	4
56200	1	2	1	1	2	3	4	4	2	1	4	2	4	4
56300	1	2	1	1	3	3	4	4	3	1	4	3	4	4
56400	2	2	2	1	3	3	4	4	3	2	4	3	4	4
56500	3	2	3	1	3	3	4	4	3	3	4	3	4	4
56600	3	2	2	1	3	3	4	4	3	7	4	3	4	4
56700	2	2	2	1	3	3	4	4	3	2	4	3	4	4
56800	2	2	2	1	3	3	4	4	3	2	4	3	4	4
56900	3	2	3	1	3	3	4	4	3	3	4	3	4	4
57000	3	2	3	1	3	3	4	4	3	3	4	3	4	4
57100	3	2	2	1	3	3	4	4	3	7	4	3	4	4
57200	3	2	3	1	3	3	4	4	3	3	4	3	4	4
57300	2	2	2	1	3	3	4	4	3	2	4	3	4	4
57400	2	2	2	1	3	3	4	4	3	2	4	3	4	4
57500	2	2	2	1	3	3	4	4	3	2	4	3	4	4
57600	2	2	2	1	3	3	4	4	3	2	4	3	4	4
57700	2	2	2	1	3	3	4	4	3	2	4	3	4	4
57800	3	2	3	1	3	3	4	4	3	3	4	3	4	4
57900	2	2	2	1	4	3	4	4	4	2	4	4	4	4
58000	3	2	3	1	3	3	4	4	3	3	4	3	4	4
58100	2	2	2	1	3	3	4	4	3	2	4	3	4	4
58200	3	2	3	1	2	3	4	4	2	3	4	2	4	4
58300	3	2	3	1	7	3	4	4	2	3	4	7	4	4
58400	3	2	3	1	3	3	4	4	3	3	4	3	4	4
58500	2	2	2	1	3	3	4	4	3	2	4	3	4	4
58600	2	2	2	1	3	3	4	4	3	2	4	3	4	4
58700	2	2	2	1	3	3	4	4	3	2	4	3	4	4
58800	2	2	2	1	3	3	4	4	3	2	4	3	4	4
58900	2	2	2	1	2	3	4	4	2	2	4	2	4	4
59000	2	2	2	1	3	3	4	4	3	2	4	3	4	4
59100	2	2	2	1	3	3	4	4	3	2	4	3	4	4
59200	2	2	2	1	3	3	4	4	3	2	4	3	4	4
59300	2	2	2	1	2	3	4	4	2	2	4	2	4	4
59400	2	2	2	1	3	3	4	4	3	2	4	3	4	4
59500	2	2	2	1	2	3	4	4	2	2	4	2	4	4
59600	2	2	2	1	2	3	4	4	2	2	4	2	4	4
59700	2	2	2	1	2	3	4	4	2	2	4	2	4	4
59800	2	2	2	1	2	3	4	4	2	2	4	2	4	4
59900	2	2	2	1	3	3	4	4	3	2	4	3	4	4
60000	2	2	2	1	3	3	4	4	3	2	4	3	4	4
60100	3	2	3	1	2	3	4	4	2	3	4	2	4	4
60200	2	2	2	1	2	3	4	4	2	2	4	2	4	4
60300	2	2	2	1	3	3	4	4	3	2	4	3	4	4
60400	2	2	2	1	2	3	4	4	2	2	4	2	4	4
60500	2	2	2	1	3	3	4	4	3	2	4	3	4	4
60600	2	2	2	1	2	3	4	4	2	2	4	2	4	4
60700	2	2	2	1	3	3	4	4	3	2	4	3	4	4
60800	2	2	2	1	3	3	4	4	3	2	4	3	4	4
60900	2	2	2	1	3	3	4	4	3	2	4	3	4	4
61000	2	2	2	1	2	3	4	4	2	2	4	2	4	4
61100	2	2	2	1	2	3	4	4	2	2	4	2	4	4
61200	2	2	2	1	3	3	4	4	3	2	4	3	4	4
61300	2	2	2	1	2	3	4	4	2	2	4	2	4	4
61400	2	2	2	1	3	3	4	4	3	2	4	3	4	4
61500	2	2	2	1	3	3	4	4	2	2	4	7	4	4
61600	2	2	2	1	3	3	4	4	3	2	4	3	4	4
61700	2	2	2	1	3	3	4	4	3	2	4	3	4	4
61800	3	2	3	1	2	3	4	4	7	3	4	7	4	4
61900	3	2	3	1	3	3	4	4	3	3	4	3	4	4
62000	3	2	3	1	3	3	4	4	3	3	4	3	4	4
62100	2	2	2	1	3	3	4	4	3	2	4	3	4	4
62200	2	2	2	1	3	3	4	4	3	2	4	3	4	4
62300	2	2	7	1	3	3	4	4	3	7	4	3	4	4
62400	2	2	2	1	3	3	4	4	3	2	4	3	4	4
62500	2	2	2	1	2	3	4	4	2	2	4	2	4	4
62600	2	2	2	1	2	3	4	4	2	2	4	2	4	4
62700	2	2	2	1	2	3	4	4	2	2	4	2	4	4
62800	2	2	2	1	2	3	4	4	2	2	4	2	4	4
62900	2	2	2	1	3	3	4	4	3	2	4	3	4	4
63000	2	2	2	1	3	3	4	4	3	2	4	3	4	4
63100	2	2	2	1	2	3	4	4	2	2	4	2	4	4
63200	2	2	2	1	3	3	4	4	3	2	4	3	4	4
63300	2	2	2	1	3	3	4	4	3	2	4	3	4	4
63400	2	2	2	1	2	3	4	4	2	2	4	2	4	4
63500	2	2	2	1	3	3	4	4	3	2	4	3	4	4
63600	2	2	2	1	3	3	4	4	3	2	4	3	4	4
63700	2	2	2	1	2	3	4	4	2	2	4	2	4	4
63800	2	2	2	1	2	3	4	4	2	2	4	2	4	4
63900	2	2	2	1	3	3	4	4	3	2	4	3	4	4
64000	2	2	2	1	2	3	4	4	2	2	4	2	4	4
64100	1	2	1	1	2	3	4	4	2	1	4	2	4	4
64200	2	2	2	1	2	3	4	4	2	2	4	2	4	4
64300	2	2	2	1	2	3	4	4	2	2	4	2	4	4
64400	2	2	2	1	3	3	4	4	3	2	4	3	4	4
64500	2	2	2	1	2	3	4	4	2	2	4	2	4	4
64600	1	2	1	1	2	3	4	4	2	1	4	2	4	4
64700	2	2	2	1	3	3	4	4	3	2	4	3	4	4
64800	2	2	2	1	2	3	4	4	2	2	4	2	4	4
64900	2	2	2	1	3	3	4	4	3	2	4	3	4	4
65000	2	2	2	1	3	3	4	4	3	2	4	3	4	4
65100	2	2	1	1	2	3	4	4	2	5	4	2	4	4
65200	2	2	2	1	2	3	4	4	2	2	4	2	4	4
65300	2	2	2	1	2	3	4	4	2	2	4	2	4	4
65400	2	2	2	1	3	3	4	4	3	2	4	3	4	4
65500	2	2	2	1	3	3	4	4	3	2	4	3	4	4
65600	2	2	2	1	3	3	4	4	2	2	4	7	4	4
65700	5	2	2	1	3	3	4	4	3	5	4	3	4	4
65800	1	2	1	1	2	3	4	4	2	1	4	2	4	4
65900	2	2	2	1	2	3	4	4	2	2	4	2	4	4
66000	2	2	2	1	2	3	4	4	2	2	4	2	4	4
66100	5	2	2	1	3	3	4	4	3	5	4	3	4	4
66200	2	2	2	1	2	3	4	4	2	2	4	2	4	4
66300	1	2	1	1	3	3	4	4	3	1	4	3	4	4
66400	2	2	2	1	2	3	4	4	2	2	4	2	4	4
66500	1	2	1	1	2	3	4	4	2	1	4	2	4	4
66600	2	2	2	1	3	3	4	4	3	2	4	3	4	4
66700	2	2	2	1	2	3	4	4	2	2	4	2	4	4
66800	2	2	2	1	3	3	4	4	3	2	4	3	4	4
66900	2	2	2	1	3	3	4	4	3	2	4	3	4	4
67000	1	2	1	1	2	3	4	4	2	1	4	2	4	4
67100	2	2	2	1	2	3	4	4	2	2	4	2	4	4
67200	1	2	5	1	2	3	4	4	2	5	4	2	4	4
67300	2	2	2	1	2	3	4	4	2	2	4	2	4	4
67400	2	2	2	1	3	3	4	4	3	2	4	3	4	4
67500	2	2	2	1	3	3	4	4	3	2	4	3	4	4
67600	2	2	2	1	3	3	4	4	3	2	4	3	4	4
67700	1	2	1	1	3	3	4	4	3	1	4	3	4	4
67800	2	2	2	1	2	3	4	4	2	2	4	2	4	4
67900	2	2	2	1	3	3	4	4	3	2	4	3	4	4
68000	2	2	2	1	3	3	4	4	3	2	4	3	4	4
68100	5	2	2	1	3	3	4	4	3	5	4	3	4	4
68200	2	2	2	1	2	3	4	4	2	2	4	2	4	4
68300	2	2	2	1	3	3	4	4	3	2	4	3	4	4
68400	2	2	2	1	2	3	4	4	2	2	4	2	4	4
68500	2	2	2	1	3	3	4	4	3	2	4	3	4	4
68600	2	2	2	1	2	3	4	4	2	2	4	2	4	4
68700	2	2	2	1	3	3	4	4	3	2	4	3	4	4
68800	2	2	2	1	3	3	4	4	3	2	4	3	4	4
68900	2	2	2	1	2	3	4	4	2	2	4	2	4	4
69000	1	2	1	1	2	3	4	4	2	1	4	2	4	4
69100	2	2	2	1	3	3	4	4	3	2	4	3	4	4
69200	2	2	2	1	3	3	4	4	3	2	4	3	4	4
69300	2	2	2	1	3	3	4	4	3	2	4	3	4	4
69400	2	2	2	1	3	3	4	4	3	2	4	3	4	4
69500	1	2	1	1	3	3	4	4	3	1	4	3	4	4
69600	1	2	1	1	3	3	4	4	3	1	4	3	4	4
69700	1	2	1	1	3	3	4	4	3	1	4	3	4	4
69800	1	2	1	1	3	3	4	4	3	1	4	3	4	4
69900	2	2	2	1	2	3	4	4	2	2	4	2	4	4
70000	5	2	1	1	3	3	4	4	3	5	4	3	4	4
70100	2	2	2	1	3	3	4	4	3	2	4	3	4	4
70200	1	2	1	1	3	3	4	4	3	1	4	3	4	4
70300	2	2	2	1	2	3	4	4	2	2	4	2	4	4
70400	2	2	2	1	2	3	4	4	2	2	4	2	4	4
70500	2	2	2	1	2	3	4	4	2	2	4	2	4	4
70600	2	2	2	1	2	3	4	4	2	2	4	2	4	4
70700	1	2	1	1	2	3	4	4	2	1	4	2	4	4
70800	2	2	2	1	2	3	4	4	2	2	4	2	4	4
70900	1	2	1	1	3	3	4	4	3	1	4	3	4	4
71000	2	2	5	1	2	3	4	4	2	5	4	2	4	4
71100	2	2	2	1	3	3	4	4	3	2	4	3	4	4
71200	2	2	2	1	2	3	4	4	2	2	4	2	4	4
71300	1	2	1	1	3	3	4	4	3	1	4	3	4	4
71400	2	2	2	1	2	3	4	4	2	2	4	2	4	4
71500	1	2	1	1	2	3	4	4	2	1	4	2	4	4
71600	2	2	2	1	2	3	4	4	2	2	4	2	4	4
71700	2	2	2	1	2	3	4	4	7	2	4	7	4	4
71800	2	2	2	1	3	3	4	4	3	2	4	3	4	4
71900	1	2	1	1	3	3	4	4	3	1	4	3	4	4
72000	2	2	5	1	3	3	4	4	3	5	4	3	4	4
72100	1	2	1	1	3	3	4	4	3	1	4	3	4	4
72200	1	2	1	1	2	3	4	4	2	1	4	2	4	4
72300	2	2	2	1	3	3	4	4	3	2	4	3	4	4
72400	2	2	2	1	3	3	4	4	4	2	4	10	4	4
72500	2	2	2	1	3	3	4	4	3	2	4	3	4	4
72600	2	2	1	1	3	3	4	4	3	5	4	3	4	4
72700	1	2	1	1	3	3	4	4	3	1	4	3	4	4
72800	2	2	2	1	2	3	4	4	2	2	4	2	4	4
72900	1	2	1	1	3	3	4	4	3	1	4	3	4	4
73000	5	2	2	1	3	3	4	4	3	5	4	3	4	4
73100	2	2	2	1	3	3	4	4	3	2	4	3	4	4
73200	2	2	2	1	2	3	4	4	2	2	4	2	4	4
73300	2	2	2	1	3	3	4	4	3	2	4	3	4	4
73400	2	2	2	1	3	3	4	4	3	2	4	3	4	4
73500	3	2	3	1	2	3	4	4	2	3	4	2	4	4
73600	2	2	2	1	3	3	4	4	3	2	4	3	4	4
73700	2	2	2	1	3	3	4	4	3	2	4	3	4	4
73800	2	2	2	1	3	3	4	4	3	2	4	3	4	4
73900	2	2	2	1	3	3	4	4	3	2	4	3	4	4
74000	2	2	2	1	3	3	4	4	3	2	4	3	4	4
74100	2	2	2	1	3	3	4	4	3	2	4	3	4	4
74200	7	2	2	1	3	3	4	4	3	7	4	3	4	4
74300	2	2	2	1	2	3	4	4	2	2	4	2	4	4
74400	1	2	1	1	2	3	4	4	2	1	4	2	4	4
74500	7	2	2	1	2	3	4	4	2	7	4	2	4	4
74600	2	2	2	1	3	3	4	4	3	2	4	3	4	4
74700	2	2	2	1	2	3	4	4	2	2	4	2	4	4
74800	2	2	2	1	3	3	4	4	3	2	4	3	4	4
74900	2	2	2	1	3	3	4	4	3	2	4	3	4	4
75000	2	2	2	1	3	3	4	4	3	2	4	3	4	4
75100	3	2	3	1	3	3	4	4	3	3	4	3	4	4
75200	2	2	2	1	3	3	4	4	3	2	4	3	4	4
75300	2	2	2	1	2	3	4	4	2	2	4	2	4	4
75400	3	2	3	1	3	3	4	4	3	3	4	3	4	4
75500	2	2	2	1	3	3	4	4	3	2	4	3	4	4
75600	3	2	3	1	3	3	4	4	3	3	4	3	4	4
75700	2	2	2	1	3	3	4	4	3	2	4	3	4	4
75800	2	2	2	1	2	3	4	4	2	2	4	2	4	4
75900	3	2	3	1	3	3	4	4	3	3	4	3	4	4
76000	2	2	2	1	2	3	4	4	2	2	4	2	4	4
76100	2	2	2	1	2	3	4	4	2	2	4	2	4	4
76200	3	2	3	1	3	3	4	4	3	3	4	3	4	4
76300	3	2	3	1	3	3	4	4	3	3	4	3	4	4
76400	2	2	2	1	3	3	4	4	3	2	4	3	4	4
76500	2	2	2	1	3	3	4	4	3	2	4	3	4	4
76600	2	2	2	1	3	3	4	4	3	2	4	3	4	4
76700	3	2	3	1	2	3	4	4	2	3	4	2	4	4
76800	2	2	2	1	2	3	4	4	2	2	4	2	4	4
76900	2	2	2	1	3	3	4	4	3	2	4	3	4	4
77000	2	2	2	1	2	3	4	4	2	2	4	2	4	4
77100	2	2	2	1	2	3	4	4	2	2	4	2	4	4
77200	2	2	2	1	3	3	4	4	3	2	4	3	4	4
77300	2	2	2	1	2	3	4	4	2	2	4	2	4	4
77400	2	2	2	1	2	3	4	4	2	2	4	2	4	4
77500	2	2	2	1	2	3	4	4	2	2	4	2	4	4
77600	2	2	2	1	3	3	4	4	3	2	4	3	4	4
77700	2	2	2	1	3	3	4	4	3	2	4	3	4	4
77800	2	2	2	1	2	3	4	4	2	2	4	2	4	4
77900	2	2	2	1	2	3	4	4	2	2	4	2	4	4
78000	2	2	7	1	2	3	4	4	2	7	4	2	4	4
78100	3	2	3	1	2	3	4	4	7	3	4	7	4	4
78200	2	2	2	1	3	3	4	4	3	2	4	3	4	4
78300	2	2	2	1	3	3	4	4	3	2	4	3	4	4
78400	2	2	2	1	3	3	4	4	3	2	4	3	4	4
78500	2	2	2	1	3	3	4	4	3	2	4	3	4	4
78600	2	2	2	1	3	3	4	4	3	2	4	3	4	4
78700	2	2	2	1	3	3	4	4	3	2	4	3	4	4
78800	2	2	2	1	2	3	4	4	2	2	4	2	4	4
78900	2	2	2	1	3	3	4	4	3	2	4	3	4	4
79000	2	2	2	1	3	3	4	4	3	2	4	3	4	4
79100	2	2	2	1	3	3	4	4	3	2	4	3	4	4
79200	2	2	2	1	3	3	4	4	3	2	4	3	4	4
79300	2	2	2	1	3	3	4	4	3	2	4	3	4	4
79400	2	2	2	1	2	3	4	4	2	2	4	2	4	4
79500	2	2	7	1	2	3	4	4	2	7	4	2	4	4
79600	2	2	2	1	2	3	4	4	2	2	4	2	4	4
79700	2	2	2	1	2	3	4	4	2	2	4	2	4	4
79800	3	2	3	1	3	3	4	4	3	3	4	3	4	4
79900	2	2	2	1	2	3	4	4	2	2	4	2	4	4
80000	2	2	2	1	3	3	4	4	3	2	4	3	4	4
80100	2	2	2	1	2	3	4	4	2	2	4	2	4	4
80200	1	2	1	1	3	3	4	4	3	1	4	3	4	4
80300	2	2	2	1	3	3	4	4	3	2	4	3	4	4
80400	2	2	2	1	2	3	4	4	2	2	4	2	4	4
80500	2	2	2	1	2	3	4	4	2	2	4	2	4	4
80600	2	2	2	1	2	3	4	4	2	2	4	2	4	4
80700	2	2	2	1	3	3	4	4	3	2	4	3	4	4
80800	2	2	2	1	2	3	4	4	2	2	4	2	4	4
80900	2	2	2	1	2	3	4	4	2	2	4	2	4	4
81000	2	2	2	1	3	3	4	4	3	2	4	3	4	4
81100	2	2	2	1	3	3	4	4	3	2	4	3	4	4
81200	2	2	2	1	3	3	4	4	3	2	4	3	4	4
81300	2	2	2	1	3	3	4	4	3	2	4	3	4	4
81400	2	2	2	1	3	3	4	4	3	2	4	3	4	4
81500	2	2	2	1	2	3	4	4	2	2	4	2	4	4
81600	2	2	2	1	2	3	4	4	2	2	4	2	4	4
81700	2	2	2	1	3	3	4	4	3	2	4	3	4	4
81800	2	2	2	1	2	3	4	4	2	2	4	2	4	4
81900	2	2	2	1	3	3	4	4	3	2	4	3	4	4
82000	1	2	1	1	3	3	4	4	3	1	4	3	4	4
82100	2	2	2	1	2	3	4	4	2	2	4	2	4	4
82200	1	2	1	1	3	3	4	4	3	1	4	3	4	4
82300	1	2	1	1	3	3	4	4	3	1	4	3	4	4
82400	2	2	2	1	3	3	4	4	3	2	4	3	4	4
82500	2	2	2	1	2	3	4	4	2	2	4	2	4	4
82600	1	2	1	1	3	3	4	4	3	1	4	3	4	4
82700	2	2	2	1	2	3	4	4	2	2	4	2	4	4
82800	2	2	2	1	2	3	4	4	2	2	4	2	4	4
82900	1	2	1	1	2	3	4	4	2	1	4	2	4	4
83000	1	2	1	1	3	3	4	4	3	1	4	3	4	4
83100	1	2	1	1	3	3	4	4	3	1	4	3	4	4
83200	2	2	2	1	3	3	4	4	3	2	4	3	4	4
83300	1	2	1	1	2	3	4	4	2	1	4	2	4	4
83400	2	2	2	1	2	3	4	4	2	2	4	2	4	4
83500	2	2	2	1	3	3	4	4	3	2	4	3	4	4
83600	2	2	2	1	7	3	4	4	2	2	4	7	4	4
83700	2	2	2	1	3	3	4	4	3	2	4	3	4	4
83800	2	2	2	1	2	3	4	4	2	2	4	2	4	4
83900	2	2	2	1	3	3	4	4	3	2	4	3	4	4
84000	2	2	2	1	2	3	4	4	2	2	4	2	4	4
84100	1	2	1	1	2	3	4	4	2	1	4	2	4	4
84200	2	2	2	1	3	3	4	4	3	2	4	3	4	4
84300	2	2	2	1	3	3	4	4	3	2	4	3	4	4
84400	2	2	2	1	3	3	4	4	3	2	4	3	4	4
84500	2	2	2	1	3	3	4	4	3	2	4	3	4	4
84600	2	2	2	1	3	3	4	4	3	2	4	3	4	4
84700	2	2	2	1	3	3	4	4	3	2	4	3	4	4
84800	2	2	2	1	3	3	4	4	3	2	4	3	4	4
84900	3	2	3	1	4	3	4	4	4	3	4	4	4	4
85000	2	2	2	1	4	3	4	4	4	2	4	4	4	4
85100	2	2	2	1	3	3	4	4	4	2	4	10	4	4
85200	2	2	2	1	4	3	4	4	4	2	4	4	4	4
85300	1	2	1	1	4	3	4	4	4	1	4	4	4	4
85400	2	2	2	1	4	3	4	4	3	2	4	10	4	4
85500	2	2	2	1	4	3	3	4	3	2	4	3	4	4
85600	2	2	2	1	4	3	3	4	3	2	4	3	4	4
85700	2	2	2	1	4	3	3	4	3	2	4	3	4	4
85800	2	2	2	1	3	3	4	4	3	2	4	3	4	4
85900	2	2	2	1	3	3	4	4	3	2	4	3	4	4
86000	2	2	2	1	3	3	4	4	3	2	4	3	4	4
86100	2	2	2	1	3	3	4	4	3	2	4	3	4	4
86200	2	2	2	1	3	3	4	4	3	2	4	3	4	4
86300	2	2	2	1	3	3	4	4	3	2	4	3	4	4
86400	2	2	1	1	2	3	4	4	2	5	4	2	4	4
86500	1	2	1	1	2	3	4	4	2	1	4	2	4	4
86600	2	2	2	1	3	3	4	4	3	2	4	3	4	4
86700	2	2	2	1	2	3	4	4	2	2	4	2	4	4
86800	2	2	2	1	3	3	4	4	3	2	4	3	4	4
86900	2	2	2	1	2	3	4	4	2	2	4	2	4	4
87000	1	2	1	1	2	3	4	4	2	1	4	2	4	4
87100	1	2	1	1	3	3	4	4	3	1	4	3	4	4
87200	2	2	2	1	3	3	4	4	3	2	4	3	4	4
87300	2	2	2	1	2	3	4	4	2	2	4	2	4	4
87400	2	2	2	1	3	3	4	4	3	2	4	3	4	4
87500	2	2	2	1	7	3	4	4	2	2	4	7	4	4
87600	2	2	2	1	2	3	4	4	2	2	4	2	4	4
87700	2	2	2	1	3	3	4	4	3	2	4	3	4	4
87800	2	2	2	1	3	3	4	4	3	2	4	3	4	4
87900	1	2	1	1	2	3	4	4	2	1	4	2	4	4
88000	2	2	2	1	3	3	4	4	3	2	4	3	4	4
88100	2	2	2	1	3	3	4	4	3	2	4	3	4	4
88200	2	2	2	1	2	3	4	4	2	2	4	2	4	4
88300	2	2	2	1	3	3	4	4	3	2	4	3	4	4
88400	2	2	2	1	2	3	4	4	2	2	4	2	4	4
88500	1	2	1	1	2	3	4	4	2	1	4	2	4	4
88600	2	2	2	1	3	3	4	4	3	2	4	3	4	4
88700	2	2	2	1	3	3	4	4	3	2	4	3	4	4
88800	2	2	2	1	2	3	4	4	2	2	4	2	4	4
88900	2	2	2	1	2	3	4	4	2	2	4	2	4	4
89000	2	2	2	1	2	3	4	4	2	2	4	2	4	4
89100	2	2	2	1	3	3	4	4	3	2	4	3	4	4
89200	2	2	2	1	2	3	4	4	2	2	4	2	4	4
89300	2	2	2	1	3	3	4	4	3	2	4	3	4	4
89400	2	2	2	1	3	3	4	4	3	2	4	3	4	4
89500	2	2	2	1	2	3	4	4	2	2	4	2	4	4
89600	1	2	1	1	3	3	4	4	3	1	4	3	4	4
89700	2	2	2	1	3	3	4	4	3	2	4	3	4	4
89800	2	2	2	1	3	3	4	4	3	2	4	3	4	4
89900	2	2	2	1	3	3	4	4	3	2	4	3	4	4
90000	2	2	2	1	3	3	4	4	3	2	4	3	4	4
90100	2	2	2	1	2	3	4	4	2	2	4	2	4	4
90200	2	2	2	1	2	3	4	4	2	2	4	2	4	4
90300	2	2	2	1	3	3	4	4	3	2	4	3	4	4
90400	2	2	2	1	3	3	4	4	3	2	4	3	4	4
90500	2	2	2	1	2	3	4	4	2	2	4	2	4	4
90600	2	2	2	1	2	3	4	4	2	2	4	2	4	4
90700	2	2	2	1	2	3	4	4	2	2	4	2	4	4
90800	2	2	2	1	3	3	4	4	3	2	4	3	4	4
90900	2	2	2	1	3	3	4	4	3	2	4	3	4	4
91000	2	2	2	1	3	3	4	4	3	2	4	3	4	4
91100	2	2	2	1	3	3	4	4	3	2	4	3	4	4
91200	2	2	2	1	3	3	4	4	3	2	4	3	4	4
91300	1	2	1	1	3	3	4	4	3	1	4	3	4	4
91400	1	2	1	1	3	3	4	4	3	1	4	3	4	4
91500	5	2	2	1	3	3	4	4	3	5	4	3	4	4
91600	2	2	2	1	2	3	4	4	2	2	4	2	4	4
91700	2	2	2	1	2	3	4	4	2	2	4	2	4	4
91800	1	2	1	1	2	3	4	4	2	1	4	2	4	4
91900	2	2	2	1	3	3	4	4	3	2	4	3	4	4
92000	2	2	2	1	2	3	4	4	2	2	4	2	4	4
92100	2	2	2	1	3	3	4	4	3	2	4	3	4	4
92200	1	2	1	1	3	3	4	4	3	1	4	3	4	4
92300	2	2	2	1	3	3	4	4	3	2	4	3	4	4
92400	2	2	2	1	3	3	4	4	3	2	4	3	4	4
92500	2	2	2	1	3	3	4	4	3	2	4	3	4	4
92600	2	2	2	1	3	3	4	4	3	2	4	3	4	4
92700	2	2	7	1	3	3	4	4	3	7	4	3	4	4
92800	2	2	2	1	2	3	4	4	2	2	4	2	4	4
92900	2	2	2	1	3	3	4	4	3	2	4	3	4	4
93000	1	2	1	1	2	3	4	4	2	1	4	2	4	4
93100	2	2	2	1	3	3	4	4	3	2	4	3	4	4
93200	2	2	2	1	3	3	4	4	3	2	4	3	4	4
93300	2	2	2	1	2	3	4	4	2	2	4	2	4	4
93400	2	2	2	1	3	3	4	4	3	2	4	3	4	4
93500	3	2	3	1	3	3	4	4	3	3	4	3	4	4
93600	2	2	2	1	3	3	4	4	3	2	4	3	4	4
93700	2	2	2	1	3	3	4	4	3	2	4	3	4	4
93800	2	2	2	1	3	3	4	4	3	2	4	3	4	4
93900	2	2	2	1	2	3	4	4	2	2	4	2	4	4
94000	2	2	2	1	2	3	4	4	2	2	4	2	4	4
94100	3	2	3	1	2	3	4	4	2	3	4	2	4	4
94200	2	2	2	1	3	3	4	4	3	2	4	3	4	4
94300	2	2	2	1	2	3	4	4	2	2	4	2	4	4
94400	2	2	2	1	3	3	4	4	3	2	4	3	4	4
94500	2	2	2	1	3	3	4	4	3	2	4	3	4	4
94600	2	2	2	1	2	3	4	4	3	2	4	7	4	4
94700	3	2	3	1	3	3	4	4	3	3	4	3	4	4
94800	3	2	3	1	3	3	4	4	3	3	4	3	4	4
94900	3	2	3	1	3	3	4	4	3	3	4	3	4	4
95000	3	2	3	1	2	3	4	4	2	3	4	2	4	4
95100	2	2	2	1	3	3	4	4	3	2	4	3	4	4
95200	3	2	2	1	2	3	4	4	2	7	4	2	4	4
95300	2	2	2	1	2	3	4	4	2	2	4	2	4	4
95400	3	2	3	1	3	3	4	4	3	3	4	3	4	4
95500	3	2	3	1	3	3	4	4	3	3	4	3	4	4
95600	2	2	2	1	3	3	4	4	3	2	4	3	4	4
95700	2	2	2	1	3	3	4	4	3	2	4	3	4	4
95800	3	2	3	1	3	3	3	4	4	3	4	3	4	4
95900	3	2	3	1	4	3	4	4	4	3	4	4	4	4
96000	2	2	2	1	4	3	4	4	4	2	4	4	4	4
96100	2	2	2	1	4	3	4	4	4	2	4	4	4	4
96200	3	2	3	1	3	3	4	4	3	3	4	3	4	4
96300	2	2	2	1	3	3	4	4	3	2	4	3	4	4
96400	3	2	3	1	3	3	4	4	3	3	4	3	4	4
96500	2	2	2	1	3	3	4	4	3	2	4	3	4	4
96600	2	2	2	1	3	3	4	4	3	2	4	3	4	4
96700	2	2	2	1	3	3	4	4	3	2	4	3	4	4
96800	3	2	3	1	3	3	4	4	3	3	4	3	4	4
96900	3	2	3	1	3	3	4	4	3	3	4	3	4	4
97000	2	2	7	1	3	3	4	4	3	7	4	3	4	4
97100	2	2	2	1	2	3	4	4	2	2	4	2	4	4
97200	2	2	2	1	3	3	4	4	3	2	4	3	4	4
97300	3	2	3	1	2	3	4	4	2	3	4	2	4	4
97400	2	2	2	1	3	3	4	4	3	2	4	3	4	4
97500	2	2	2	1	2	3	4	4	2	2	4	2	4	4
97600	2	2	2	1	3	3	4	4	3	2	4	3	4	4
97700	3	2	3	1	3	3	4	4	3	3	4	3	4	4
97800	2	2	2	1	2	3	4	4	2	2	4	2	4	4
97900	2	2	2	1	2	3	4	4	2	2	4	2	4	4
98000	2	2	2	1	2	3	4	4	2	2	4	2	4	4
98100	2	2	2	1	3	3	4	4	3	2	4	3	4	4
98200	2	2	2	1	2	3	4	4	2	2	4	2	4	4
98300	2	2	2	1	7	3	4	4	2	2	4	7	4	4
98400	2	2	2	1	7	3	4	4	2	2	4	7	4	4
98500	3	2	3	1	3	3	4	4	3	3	4	3	4	4
98600	2	2	2	1	3	3	4	4	3	2	4	3	4	4
98700	2	2	2	1	3	3	4	4	3	2	4	3	4	4
98800	2	2	2	1	2	3	4	4	2	2	4	2	4	4
98900	2	2	2	1	2	3	4	4	2	2	4	2	4	4
99000	2	2	2	1	3	3	4	4	3	2	4	3	4	4
99100	2	2	2	1	2	3	4	4	2	2	4	2	4	4
99200	2	2	2	1	3	3	4	4	3	2	4	3	4	4
99300	1	2	1	1	2	3	4	4	2	1	4	2	4	4
99400	2	2	2	1	3	3	4	4	3	2	4	3	4	4
99500	2	2	2	1	2	3	4	4	2	2	4	2	4	4
99600	2	2	2	1	2	3	4	4	2	2	4	2	4	4
99700	2	2	2	1	3	3	4	4	3	2	4	3	4	4
99800	2	2	2	1	7	3	4	4	3	2	4	7	4	4
99900	2	2	2	1	3	3	4	4	3	2	4	3	4	4
100000	1	2	1	1	2	3	4	4	2	1	4	2	4	4
100100	1	2	1	1	3	3	4	4	3	1	4	3	4	4
100200	2	2	2	1	3	3	4	4	3	2	4	3	4	4
100300	5	2	1	1	2	3	4	4	2	5	4	2	4	4
100400	2	2	2	1	3	3	4	4	3	2	4	3	4	4
100500	2	2	2	1	3	3	4	4	3	2	4	3	4	4
100600	2	2	2	1	3	3	4	4	3	2	4	3	4	4
100700	2	2	2	1	2	3	4	4	2	2	4	2	4	4
100800	1	2	1	1	2	3	4	4	2	1	4	2	4	4
100900	2	2	2	1	3	3	4	4	3	2	4	3	4	4
101000	1	2	1	1	3	3	4	4	3	1	4	3	4	4
101100	2	2	2	1	2	3	4	4	2	2	4	2	4	4
101200	2	2	2	1	3	3	4	4	3	2	4	3	4	4
101300	2	2	2	1	3	3	4	4	3	2	4	3	4	4
101400	2	2	2	1	3	3	4	4	3	2	4	3	4	4
101500	2	2	2	1	3	3	4	4	3	2	4	3	4	4
101600	2	2	2	1	3	3	4	4	3	2	4	3	4	4
101700	2	2	2	1	2	3	4	4	2	2	4	2	4	4
101800	2	2	2	1	3	3	4	4	3	2	4	3	4	4
101900	2	2	2	1	7	3	4	4	2	2	4	7	4	4
102000	2	2	2	1	2	3	4	4	2	2	4	2	4	4
102100	2	2	2	1	3	3	4	4	3	2	4	3	4	4
102200	2	2	2	1	3	3	4	4	3	2	4	3	4	4
102300	2	2	2	1	2	3	4	4	2	2	4	2	4	4
102400	2	2	2	1	3	3	4	4	3	2	4	3	4	4
102500	2	2	2	1	2	3	4	4	2	2	4	2	4	4
102600	2	2	2	1	3	3	4	4	3	2	4	3	4	4
102700	2	2	2	1	3	3	4	4	3	2	4	3	4	4
102800	2	2	2	1	7	3	4	4	3	2	4	7	4	4
102900	2	2	2	1	3	3	4	4	3	2	4	3	4	4
103000	2	2	2	1	2	3	4	4	2	2	4	2	4	4
103100	1	2	1	1	2	3	4	4	2	1	4	2	4	4
103200	2	2	2	1	2	3	4	4	2	2	4	2	4	4
103300	1	2	1	1	2	3	4	4	2	1	4	2	4	4
103400	2	2	2	1	2	3	4	4	2	2	4	2	4	4
103500	2	2	2	1	2	3	4	4	2	2	4	2	4	4
103600	2	2	2	1	2	3	4	4	2	2	4	2	4	4
103700	2	2	2	1	2	3	4	4	2	2	4	2	4	4
103800	1	2	1	1	3	3	4	4	3	1	4	3	4	4
103900	2	2	2	1	2	3	4	4	2	2	4	2	4	4
104000	1	2	1	1	2	3	4	4	2	1	4	2	4	4
104100	2	2	2	1	7	3	4	4	2	2	4	7	4	4
104200	1	2	1	1	2	3	4	4	2	1	4	2	4	4
104300	2	2	2	1	3	3	4	4	3	2	4	3	4	4
104400	1	2	1	1	2	3	4	4	2	1	4	2	4	4
104500	2	2	2	1	2	3	4	4	2	2	4	2	4	4
104600	1	2	1	1	3	3	4	4	3	1	4	3	4	4
104700	1	2	1	1	2	3	4	4	2	1	4	2	4	4
104800	2	2	2	1	2	3	4	4	2	2	4	2	4	4
104900	2	2	2	1	3	3	4	4	3	2	4	3	4	4
105000	2	2	2	1	2	3	4	4	2	2	4	2	4	4
105100	2	2	2	1	3	3	4	4	3	2	4	3	4	4
105200	2	2	2	1	2	3	4	4	2	2	4	2	4	4
105300	2	2	2	1	3	3	4	4	3	2	4	3	4	4
105400	2	2	2	1	3	3	4	4	3	2	4	3	4	4
105500	2	2	2	1	2	3	4	4	2	2	4	2	4	4
105600	2	2	2	1	3	3	4	4	3	2	4	3	4	4
105700	2	2	2	1	3	3	4	4	3	2	4	3	4	4
105800	2	2	2	1	3	3	4	4	3	2	4	3	4	4
105900	2	2	2	1	3	3	4	4	3	2	4	3	4	4
106000	2	2	2	1	3	3	4	4	3	2	4	3	4	4
106100	2	2	2	1	3	3	4	4	3	2	4	3	4	4
106200	7	2	2	1	2	3	4	4	2	7	4	2	4	4
106300	3	2	3	1	3	3	4	4	3	3	4	3	4	4
106400	2	2	2	1	3	3	4	4	3	2	4	3	4	4
106500	2	2	2	1	3	3	4	4	3	2	4	3	4	4
106600	2	2	2	1	3	3	4	4	3	2	4	3	4	4
106700	2	2	2	1	2	3	4	4	2	2	4	2	4	4
106800	2	2	2	1	2	3	4	4	2	2	4	2	4	4
106900	2	2	2	1	3	3	4	4	3	2	4	3	4	4
107000	3	2	3	1	3	3	4	4	3	3	4	3	4	4
107100	2	2	2	1	3	3	4	4	3	2	4	3	4	4
107200	2	2	2	1	2	3	4	4	2	2	4	2	4	4
107300	2	2	2	1	2	3	4	4	2	2	4	2	4	4
107400	2	2	2	1	3	3	4	4	3	2	4	3	4	4
107500	3	2	3	1	2	3	4	4	2	3	4	2	4	4
107600	2	2	2	1	2	3	4	4	2	2	4	2	4	4
107700	2	2	2	1	3	3	4	4	3	2	4	3	4	4
107800	2	2	2	1	2	3	4	4	2	2	4	2	4	4
107900	2	2	2	1	2	3	4	4	2	2	4	2	4	4
108000	2	2	2	1	3	3	4	4	3	2	4	3	4	4
108100	2	2	2	1	2	3	4	4	2	2	4	2	4	4
108200	2	2	2	1	3	3	4	4	3	2	4	3	4	4
108300	2	2	2	1	3	3	4	4	3	2	4	3	4	4
108400	3	2	3	1	3	3	4	4	3	3	4	3	4	4
108500	2	2	2	1	2	3	4	4	2	2	4	2	4	4
108600	2	2	2	1	2	3	4	4	2	2	4	2	4	4
108700	7	2	2	1	3	3	4	4	3	7	4	3	4	4
108800	2	2	2	1	3	3	4	4	3	2	4	3	4	4
108900	7	2	2	1	3	3	4	4	3	7	4	3	4	4
109000	2	2	2	1	3	3	4	4	3	2	4	3	4	4
109100	3	2	3	1	3	3	4	4	3	3	4	3	4	4
109200	2	2	2	1	3	3	4	4	3	2	4	3	4	4
109300	3	2	3	1	3	3	4	4	3	3	4	3	4	4
109400	3	2	3	1	3	3	4	4	3	3	4	3	4	4
109500	2	2	2	1	2	3	4	4	2	2	4	2	4	4
109600	2	2	2	1	2	3	4	4	2	2	4	2	4	4
109700	2	2	2	1	3	3	4	4	3	2	4	3	4	4
109800	3	2	3	1	3	3	4	4	3	3	4	3	4	4
109900	2	2	2	1	2	3	4	4	2	2	4	2	4	4
110000	3	2	3	1	2	3	4	4	2	3	4	2	4	4
110100	3	2	3	1	3	3	4	4	3	3	4	3	4	4
110200	2	2	2	1	3	3	4	4	3	2	4	3	4	4
110300	2	2	2	1	3	3	4	4	3	2	4	3	4	4
110400	2	2	2	1	2	3	4	4	2	2	4	2	4	4
110500	2	2	2	1	2	3	4	4	2	2	4	2	4	4
110600	2	2	2	1	3	3	4	4	3	2	4	3	4	4
110700	2	2	2	1	2	3	4	4	2	2	4	2	4	4
110800	2	2	2	1	2	3	4	4	2	2	4	2	4	4
110900	2	2	2	1	3	3	4	4	3	2	4	3	4	4
111000	2	2	2	1	2	3	4	4	2	2	4	2	4	4
111100	2	2	2	1	3	3	4	4	3	2	4	3	4	4
111200	2	2	2	1	3	3	4	4	3	2	4	3	4	4
111300	2	2	2	1	2	3	4	4	2	2	4	2	4	4
111400	2	2	2	1	3	3	4	4	3	2	4	3	4	4
111500	2	2	2	1	3	3	4	4	3	2	4	3	4	4
111600	3	2	3	1	3	3	4	4	3	3	4	3	4	4
111700	2	2	2	1	3	3	4	4	3	2	4	3	4	4
111800	2	2	2	1	3	3	4	4	3	2	4	3	4	4
111900	2	2	2	1	2	3	4	4	2	2	4	2	4	4
112000	2	2	2	1	2	3	4	4	2	2	4	2	4	4
112100	2	2	2	1	2	3	4	4	2	2	4	2	4	4
112200	2	2	2	1	3	3	3	4	4	2	4	3	4	4
112300	3	2	3	1	4	3	4	4	4	3	4	4	4	4
112400	2	2	2	1	3	3	4	4	3	2	4	3	4	4
112500	2	2	2	1	3	3	4	4	3	2	4	3	4	4
112600	2	2	2	1	4	3	4	4	4	2	4	4	4	4
112700	2	2	1	1	4	3	4	4	4	5	4	4	4	4
112800	1	2	1	1	3	3	4	4	3	1	4	3	4	4
112900	1	2	5	1	3	3	4	4	3	5	4	3	4	4
113000	2	2	2	1	3	3	4	4	3	2	4	3	4	4
113100	2	2	2	1	4	3	4	4	4	2	4	4	4	4
113200	3	2	3	1	3	3	4	4	4	3	4	10	4	4
113300	2	2	2	1	4	3	4	4	4	2	4	4	4	4
113400	3	2	3	1	4	3	4	4	4	3	4	4	4	4
113500	3	2	3	1	3	3	3	4	4	3	4	3	4	4
113600	2	2	2	1	4	3	4	4	4	2	4	4	4	4
113700	2	2	2	1	4	3	4	4	4	2	4	4	4	4
113800	2	2	2	1	3	3	3	4	4	2	4	3	4	4
113900	2	2	2	1	4	3	4	4	4	2	4	4	4	4
114000	2	2	2	1	3	3	4	4	3	2	4	3	4	4
114100	2	2	2	1	2	3	4	4	2	2	4	2	4	4
114200	2	2	2	1	2	3	4	4	2	2	4	2	4	4
114300	2	2	2	1	3	3	4	4	3	2	4	3	4	4
114400	2	2	2	1	2	3	4	4	2	2	4	2	4	4
114500	2	2	7	1	3	3	4	4	3	7	4	3	4	4
114600	2	2	2	1	3	3	4	4	3	2	4	3	4	4
114700	2	2	2	1	3	3	4	4	3	2	4	3	4	4
114800	1	2	1	1	3	3	4	4	3	1	4	3	4	4
114900	2	2	2	1	4	3	4	4	4	2	4	4	4	4
115000	2	2	2	1	3	3	4	4	3	2	4	3	4	4
115100	2	2	2	1	4	3	4	4	4	2	4	4	4	4
115200	2	2	2	1	3	3	4	4	3	2	4	3	4	4
115300	1	2	1	1	3	3	4	4	3	1	4	3	4	4
115400	2	2	2	1	3	3	4	4	3	2	4	3	4	4
115500	2	2	2	1	3	3	4	4	3	2	4	3	4	4
115600	1	2	1	1	2	3	4	4	2	1	4	2	4	4
115700	2	2	2	1	3	3	4	4	3	2	4	3	4	4
115800	2	2	2	1	3	3	4	4	3	2	4	3	4	4
115900	2	2	2	1	3	3	4	4	3	2	4	3	4	4
116000	2	2	2	1	3	3	4	4	3	2	4	3	4	4
116100	2	2	2	1	3	3	4	4	3	2	4	3	4	4
116200	2	2	2	1	3	3	4	4	3	2	4	3	4	4
116300	2	2	2	1	3	3	4	4	3	2	4	3	4	4
116400	2	2	2	1	4	3	4	4	4	2	4	4	4	4
116500	2	2	2	1	3	3	4	4	3	2	4	3	4	4
116600	1	2	1	1	4	3	4	4	4	1	4	4	4	4
116700	2	2	2	1	3	3	4	4	3	2	4	3	4	4
116800	1	2	1	1	2	3	4	4	2	1	4	2	4	4
116900	2	2	2	1	2	3	4	4	2	2	4	2	4	4
117000	2	2	2	1	3	3	4	4	3	2	4	3	4	4
117100	1	2	1	1	2	3	4	4	2	1	4	2	4	4
117200	2	2	2	1	3	3	4	4	3	2	4	3	4	4
117300	2	2	2	1	2	3	4	4	2	2	4	2	4	4
117400	2	2	2	1	2	3	4	4	2	2	4	2	4	4
117500	2	2	2	1	2	3	4	4	2	2	4	2	4	4
117600	2	2	2	1	3	3	4	4	3	2	4	3	4	4
117700	2	2	2	1	2	3	4	4	2	2	4	2	4	4
117800	2	2	2	1	3	3	4	4	3	2	4	3	4	4
117900	2	2	2	1	3	3	4	4	3	2	4	3	4	4
118000	2	2	2	1	3	3	4	4	3	2	4	3	4	4
118100	7	2	3	1	3	3	4	4	3	7	4	3	4	4
118200	2	2	2	1	2	3	4	4	2	2	4	2	4	4
118300	3	2	3	1	2	3	4	4	2	3	4	2	4	4
118400	2	2	2	1	3	3	4	4	3	2	4	3	4	4
118500	2	2	2	1	3	3	4	4	3	2	4	3	4	4
118600	3	2	3	1	3	3	4	4	3	3	4	3	4	4
118700	2	2	2	1	2	3	4	4	2	2	4	2	4	4
118800	2	2	2	1	2	3	4	4	2	2	4	2	4	4
118900	3	2	3	1	3	3	4	4	3	3	4	3	4	4
119000	2	2	2	1	3	3	4	4	3	2	4	3	4	4
119100	3	2	7	1	3	3	4	4	3	7	4	3	4	4
119200	2	2	2	1	3	3	4	4	3	2	4	3	4	4
119300	2	2	2	1	3	3	4	4	3	2	4	3	4	4
119400	2	2	2	1	3	3	4	4	3	2	4	3	4	4
119500	7	2	2	1	3	3	4	4	3	7	4	3	4	4
119600	2	2	2	1	2	3	4	4	2	2	4	2	4	4
119700	2	2	2	1	2	3	4	4	2	2	4	2	4	4
119800	2	2	2	1	3	3	4	4	3	2	4	3	4	4
119900	2	2	2	1	3	3	4	4	3	2	4	3	4	4
120000	1	2	1	1	3	3	4	4	3	1	4	3	4	4
120100	1	2	1	1	3	3	4	4	3	1	4	3	4	4
120200	1	2	1	1	3	3	4	4	3	1	4	3	4	4
120300	1	2	1	1	3	3	4	4	3	1	4	3	4	4
120400	2	2	2	1	3	3	4	4	3	2	4	3	4	4
120500	2	2	2	1	3	3	4	4	3	2	4	3	4	4
120600	2	2	2	1	3	3	4	4	3	2	4	3	4	4
120700	1	2	1	1	3	3	4	4	3	1	4	3	4	4
120800	2	2	2	1	3	3	4	4	3	2	4	3	4	4
120900	2	2	2	1	2	3	4	4	2	2	4	2	4	4
121000	2	2	2	1	3	3	4	4	3	2	4	3	4	4
121100	2	2	2	1	2	3	4	4	2	2	4	2	4	4
121200	2	2	2	1	2	3	4	4	2	2	4	2	4	4
121300	2	2	2	1	2	3	4	4	2	2	4	2	4	4
121400	1	2	1	1	3	3	4	4	2	1	4	7	4	4
121500	2	2	2	1	3	3	4	4	3	2	4	3	4	4
121600	2	2	2	1	3	3	4	4	3	2	4	3	4	4
121700	2	2	2	1	3	3	4	4	3	2	4	3	4	4
121800	2	2	2	1	3	3	4	4	3	2	4	3	4	4
121900	2	2	2	1	2	3	4	4	2	2	4	2	4	4
122000	2	2	2	1	2	3	4	4	7	2	4	7	4	4
122100	2	2	2	1	3	3	4	4	3	2	4	3	4	4
122200	2	2	2	1	3	3	4	4	3	2	4	3	4	4
122300	2	2	2	1	3	3	4	4	3	2	4	3	4	4
122400	1	2	1	1	3	3	4	4	3	1	4	3	4	4
122500	1	2	1	1	3	3	4	4	3	1	4	3	4	4
122600	2	2	2	1	3	3	4	4	3	2	4	3	4	4
122700	1	2	1	1	3	3	4	4	3	1	4	3	4	4
122800	2	2	2	1	3	3	4	4	3	2	4	3	4	4
122900	1	2	2	1	3	3	4	4	3	5	4	3	4	4
123000	1	2	1	1	2	3	4	4	2	1	4	2	4	4
123100	2	2	5	1	3	3	4	4	3	5	4	3	4	4
123200	2	2	2	1	2	3	4	4	2	2	4	2	4	4
123300	2	2	2	1	3	3	4	4	3	2	4	3	4	4
123400	2	2	2	1	3	3	4	4	3	2	4	3	4	4
123500	2	2	2	1	3	3	4	4	3	2	4	3	4	4
123600	1	2	1	1	3	3	4	4	3	1	4	3	4	4
123700	2	2	2	1	3	3	4	4	3	2	4	3	4	4
123800	2	2	2	1	3	3	4	4	3	2	4	3	4	4
123900	1	2	1	1	3	3	4	4	3	1	4	3	4	4
124000	2	2	2	1	3	3	4	4	3	2	4	3	4	4
124100	1	2	1	1	3	3	4	4	3	1	4	3	4	4
124200	2	2	2	1	2	3	4	4	2	2	4	2	4	4
124300	2	2	2	1	2	3	4	4	2	2	4	2	4	4
124400	2	2	2	1	3	3	4	4	3	2	4	3	4	4
124500	2	2	2	1	3	3	4	4	3	2	4	3	4	4
124600	2	2	2	1	3	3	4	4	3	2	4	3	4	4
124700	2	2	2	1	3	3	4	4	3	2	4	3	4	4
124800	2	2	2	1	2	3	4	4	2	2	4	2	4	4
124900	2	2	2	1	2	3	4	4	2	2	4	2	4	4
125000	2	2	2	1	3	3	4	4	3	2	4	3	4	4
125100	1	2	1	1	2	3	4	4	2	1	4	2	4	4
125200	2	2	2	1	2	3	4	4	2	2	4	2	4	4
125300	2	2	2	1	3	3	4	4	3	2	4	3	4	4
125400	2	2	2	1	2	3	4	4	2	2	4	2	4	4
125500	2	2	2	1	2	3	4	4	2	2	4	2	4	4
125600	2	2	2	1	3	3	4	4	3	2	4	3	4	4
125700	2	2	2	1	2	3	4	4	2	2	4	2	4	4
125800	1	2	1	1	2	3	4	4	2	1	4	2	4	4
125900	2	2	2	1	2	3	4	4	2	2	4	2	4	4
126000	2	2	2	1	3	3	4	4	3	2	4	3	4	4
126100	1	2	1	1	2	3	4	4	2	1	4	2	4	4
126200	1	2	1	1	3	3	4	4	3	1	4	3	4	4
126300	1	2	1	1	3	3	4	4	3	1	4	3	4	4
126400	1	2	1	1	2	3	4	4	2	1	4	2	4	4
126500	2	2	2	1	3	3	4	4	3	2	4	3	4	4
126600	2	2	2	1	3	3	4	4	3	2	4	3	4	4
126700	2	2	2	1	2	3	4	4	2	2	4	2	4	4
126800	1	2	2	1	3	3	4	4	3	5	4	3	4	4
126900	2	2	2	1	2	3	4	4	2	2	4	2	4	4
127000	2	2	2	1	3	3	4	4	3	2	4	3	4	4
127100	1	2	1	1	3	3	4	4	3	1	4	3	4	4
127200	2	2	2	1	2	3	4	4	2	2	4	2	4	4
127300	3	2	3	1	2	3	4	4	2	3	4	2	4	4
127400	2	2	2	1	3	3	4	4	3	2	4	3	4	4
127500	2	2	2	1	2	3	4	4	2	2	4	2	4	4
127600	3	2	3	1	3	3	4	4	3	3	4	3	4	4
127700	2	2	2	1	2	3	4	4	2	2	4	2	4	4
127800	2	2	2	1	3	3	4	4	3	2	4	3	4	4
127900	2	2	2	1	2	3	4	4	2	2	4	2	4	4
128000	2	2	2	1	3	3	4	4	3	2	4	3	4	4
128100	2	2	2	1	2	3	4	4	2	2	4	2	4	4
128200	2	2	2	1	2	3	4	4	2	2	4	2	4	4
128300	3	2	3	1	2	3	4	4	2	3	4	2	4	4
128400	3	2	3	1	3	3	4	4	3	3	4	3	4	4
128500	3	2	3	1	3	3	4	4	3	3	4	3	4	4
128600	2	2	2	1	3	3	4	4	3	2	4	3	4	4
128700	2	2	2	1	3	3	4	4	3	2	4	3	4	4
128800	3	2	3	1	3	3	4	4	3	3	4	3	4	4
128900	3	2	3	1	3	3	4	4	3	3	4	3	4	4
129000	2	2	2	1	2	3	4	4	2	2	4	2	4	4
129100	2	2	2	1	3	3	4	4	3	2	4	3	4	4
129200	2	2	2	1	3	3	4	4	3	2	4	3	4	4
129300	3	2	3	1	2	3	4	4	2	3	4	2	4	4
129400	2	2	2	1	2	3	4	4	2	2	4	2	4	4
129500	2	2	2	1	3	3	4	4	3	2	4	3	4	4
129600	2	2	2	1	3	3	4	4	3	2	4	3	4	4
129700	2	2	2	1	2	3	4	4	3	2	4	7	4	4
129800	2	2	2	1	3	3	4	4	3	2	4	3	4	4
129900	2	2	2	1	2	3	4	4	2	2	4	2	4	4
130000	2	2	2	1	3	3	4	4	3	2	4	3	4	4
130100	2	2	2	1	2	3	4	4	2	2	4	2	4	4
130200	1	2	1	1	2	3	4	4	2	1	4	2	4	4
130300	2	2	2	1	3	3	4	4	3	2	4	3	4	4
130400	2	2	2	1	3	3	4	4	3	2	4	3	4	4
130500	1	2	1	1	3	3	4	4	3	1	4	3	4	4
130600	2	2	2	1	3	3	4	4	3	2	4	3	4	4
130700	2	2	2	1	2	3	4	4	2	2	4	2	4	4
130800	2	2	2	1	2	3	4	4	2	2	4	2	4	4
130900	2	2	2	1	3	3	4	4	3	2	4	3	4	4
131000	2	2	2	1	3	3	4	4	3	2	4	3	4	4
131100	2	2	2	1	4	3	4	4	4	2	4	4	4	4
131200	2	2	2	1	4	3	4	4	4	2	4	4	4	4
131300	2	2	2	1	3	3	4	4	3	2	4	3	4	4
131400	2	2	2	1	3	3	4	4	3	2	4	3	4	4
131500	3	2	3	1	3	3	4	4	3	3	4	3	4	4
131600	2	2	2	1	3	3	4	4	3	2	4	3	4	4
131700	2	2	2	1	4	3	4	4	4	2	4	4	4	4
131800	3	2	3	1	4	3	4	4	4	3	4	4	4	4
131900	3	2	3	1	4	3	4	4	4	3	4	4	4	4
132000	2	2	2	1	4	3	4	4	4	2	4	4	4	4
132100	3	2	3	1	4	3	4	4	4	3	4	4	4	4
132200	2	2	2	1	3	3	4	4	3	2	4	3	4	4
132300	3	2	3	1	3	3	4	4	3	3	4	3	4	4
132400	2	2	2	1	3	3	4	4	3	2	4	3	4	4
132500	3	2	3	1	3	3	4	4	3	3	4	3	4	4
132600	2	2	2	1	2	3	4	4	2	2	4	2	4	4
132700	2	2	2	1	3	3	4	4	3	2	4	3	4	4
132800	3	2	2	1	3	3	4	4	3	7	4	3	4	4
132900	2	2	2	1	2	3	4	4	2	2	4	2	4	4
133000	3	2	3	1	3	3	4	4	3	3	4	3	4	4
133100	2	2	2	1	3	3	4	4	3	2	4	3	4	4
133200	2	2	2	1	3	3	4	4	3	2	4	3	4	4
133300	2	2	2	1	3	3	4	4	3	2	4	3	4	4
133400	3	2	3	1	2	3	4	4	3	3	4	7	4	4
133500	2	2	2	1	3	3	4	4	3	2	4	3	4	4
133600	2	2	2	1	3	3	4	4	3	2	4	3	4	4
133700	2	2	2	1	2	3	4	4	2	2	4	2	4	4
133800	2	2	2	1	3	3	4	4	3	2	4	3	4	4
133900	1	2	1	1	2	3	4	4	2	1	4	2	4	4
134000	2	2	2	1	3	3	4	4	3	2	4	3	4	4
134100	1	2	1	1	2	3	4	4	2	1	4	2	4	4
134200	1	2	2	1	3	3	4	4	3	5	4	3	4	4
134300	1	2	1	1	4	3	4	4	4	1	4	4	4	4
134400	1	2	1	1	4	3	4	4	4	1	4	4	4	4
134500	2	2	2	1	4	3	4	4	4	2	4	4	4	4
134600	2	2	2	1	4	3	4	4	4	2	4	4	4	4
134700	2	2	2	1	4	3	3	4	3	2	4	3	4	4
134800	1	2	1	1	4	3	4	4	4	1	4	4	4	4
134900	2	2	2	1	4	3	4	4	4	2	4	4	4	4
135000	2	2	2	1	3	3	4	4	3	2	4	3	4	4
135100	2	2	2	1	3	3	4	4	3	2	4	3	4	4
135200	2	2	2	1	3	3	4	4	3	2	4	3	4	4
135300	2	2	2	1	4	3	4	4	4	2	4	4	4	4
135400	2	2	2	1	3	3	4	4	3	2	4	3	4	4
135500	2	2	2	1	3	3	4	4	3	2	4	3	4	4
135600	3	2	3	1	3	3	4	4	3	3	4	3	4	4
135700	3	2	3	1	3	3	4	4	3	3	4	3	4	4
135800	3	2	3	1	3	3	4	4	3	3	4	3	4	4
135900	3	2	3	1	3	3	4	4	3	3	4	3	4	4
136000	2	2	2	1	3	3	4	4	3	2	4	3	4	4
136100	2	2	2	1	3	3	4	4	3	2	4	3	4	4
136200	2	2	2	1	3	3	4	4	3	2	4	3	4	4
136300	2	2	2	1	4	3	4	4	4	2	4	4	4	4
136400	3	2	3	1	3	3	4	4	3	3	4	3	4	4
136500	3	2	3	1	3	3	4	4	3	3	4	3	4	4
136600	2	2	2	1	3	3	4	4	3	2	4	3	4	4
136700	2	2	2	1	2	3	4	4	2	2	4	2	4	4
136800	2	2	2	1	3	3	4	4	3	2	4	3	4	4
136900	2	2	2	1	2	3	4	4	2	2	4	2	4	4
137000	2	2	2	1	3	3	4	4	3	2	4	3	4	4
137100	2	2	2	1	3	3	4	4	3	2	4	3	4	4
137200	3	2	3	1	3	3	4	4	3	3	4	3	4	4
137300	2	2	2	1	3	3	4	4	3	2	4	3	4	4
137400	2	2	2	1	3	3	4	4	3	2	4	3	4	4
137500	2	2	2	1	3	3	4	4	3	2	4	3	4	4
137600	2	2	2	1	3	3	4	4	3	2	4	3	4	4
137700	2	2	2	1	2	3	4	4	2	2	4	2	4	4
137800	3	2	3	1	2	3	4	4	2	3	4	2	4	4
137900	2	2	2	1	2	3	4	4	2	2	4	2	4	4
138000	2	2	2	1	3	3	4	4	3	2	4	3	4	4
138100	2	2	2	1	3	3	4	4	3	2	4	3	4	4
138200	2	2	2	1	3	3	4	4	3	2	4	3	4	4
138300	2	2	2	1	3	3	4	4	3	2	4	3	4	4
138400	2	2	2	1	2	3	4	4	2	2	4	2	4	4
138500	2	2	2	1	3	3	4	4	3	2	4	3	4	4
138600	2	2	2	1	2	3	4	4	2	2	4	2	4	4
138700	2	2	2	1	2	3	4	4	2	2	4	2	4	4
138800	1	2	1	1	2	3	4	4	2	1	4	2	4	4
138900	2	2	2	1	2	3	4	4	2	2	4	2	4	4
139000	2	2	2	1	3	3	4	4	3	2	4	3	4	4
139100	2	2	2	1	3	3	4	4	3	2	4	3	4	4
139200	2	2	2	1	3	3	4	4	3	2	4	3	4	4
139300	1	2	1	1	3	3	4	4	3	1	4	3	4	4
139400	2	2	2	1	3	3	4	4	3	2	4	3	4	4
139500	2	2	2	1	2	3	4	4	2	2	4	2	4	4
139600	2	2	2	1	2	3	4	4	2	2	4	2	4	4
139700	2	2	2	1	2	3	4	4	2	2	4	2	4	4
139800	2	2	2	1	3	3	4	4	3	2	4	3	4	4
139900	2	2	2	1	2	3	4	4	2	2	4	2	4	4
140000	3	2	3	1	3	3	4	4	3	3	4	3	4	4
140100	2	2	2	1	3	3	4	4	3	2	4	3	4	4
140200	2	2	2	1	2	3	4	4	2	2	4	2	4	4
140300	2	2	2	1	2	3	4	4	2	2	4	2	4	4
140400	2	2	2	1	3	3	4	4	3	2	4	3	4	4
140500	2	2	2	1	2	3	4	4	2	2	4	2	4	4
140600	2	2	2	1	3	3	4	4	3	2	4	3	4	4
140700	3	2	3	1	3	3	4	4	3	3	4	3	4	4
140800	2	2	2	1	2	3	4	4	2	2	4	2	4	4
140900	2	2	2	1	3	3	4	4	3	2	4	3	4	4
141000	2	2	2	1	3	3	4	4	7	2	4	7	4	4
141100	2	2	2	1	2	3	4	4	2	2	4	2	4	4
141200	2	2	2	1	2	3	4	4	2	2	4	2	4	4
141300	3	2	3	1	3	3	4	4	3	3	4	3	4	4
141400	3	2	3	1	2	3	4	4	2	3	4	2	4	4
141500	2	2	2	1	2	3	4	4	2	2	4	2	4	4
141600	2	2	2	1	2	3	4	4	2	2	4	2	4	4
141700	2	2	2	1	3	3	4	4	3	2	4	3	4	4
141800	3	2	3	1	3	3	4	4	3	3	4	3	4	4
141900	3	2	3	1	3	3	4	4	3	3	4	3	4	4
142000	3	2	3	1	3	3	4	4	3	3	4	3	4	4
142100	2	2	2	1	3	3	4	4	3	2	4	3	4	4
142200	2	2	2	1	2	3	4	4	2	2	4	2	4	4
142300	3	2	3	1	2	3	4	4	2	3	4	2	4	4
142400	2	2	2	1	3	3	4	4	3	2	4	3	4	4
142500	2	2	2	1	3	3	4	4	3	2	4	3	4	4
142600	2	2	2	1	2	3	4	4	2	2	4	2	4	4
142700	2	2	2	1	3	3	4	4	3	2	4	3	4	4
142800	2	2	2	1	3	3	4	4	3	2	4	3	4	4
142900	2	2	2	1	2	3	4	4	2	2	4	2	4	4
143000	2	2	2	1	2	3	4	4	2	2	4	2	4	4
143100	2	2	2	1	2	3	4	4	2	2	4	2	4	4
143200	2	2	2	1	3	3	4	4	3	2	4	3	4	4
143300	2	2	2	1	3	3	4	4	3	2	4	3	4	4
143400	3	2	3	1	3	3	4	4	3	3	4	3	4	4
143500	2	2	2	1	3	3	4	4	3	2	4	3	4	4
143600	2	2	2	1	2	3	4	4	2	2	4	2	4	4
143700	2	2	2	1	3	3	4	4	3	2	4	3	4	4
143800	1	2	1	1	3	3	4	4	3	1	4	3	4	4
143900	2	2	2	1	7	3	4	4	2	2	4	7	4	4
144000	2	2	2	1	3	3	4	4	3	2	4	3	4	4
144100	2	2	2	1	3	3	4	4	3	2	4	3	4	4
144200	2	2	2	1	2	3	4	4	2	2	4	2	4	4
144300	2	2	2	1	3	3	4	4	3	2	4	3	4	4
144400	2	2	2	1	3	3	4	4	3	2	4	3	4	4
144500	2	2	2	1	2	3	4	4	2	2	4	2	4	4
144600	3	2	3	1	2	3	4	4	2	3	4	2	4	4
144700	2	2	2	1	3	3	4	4	3	2	4	3	4	4
144800	2	2	2	1	3	3	4	4	3	2	4	3	4	4
144900	2	2	2	1	2	3	4	4	2	2	4	2	4	4
145000	2	2	2	1	2	3	4	4	2	2	4	2	4	4
145100	3	2	3	1	3	3	4	4	3	3	4	3	4	4
145200	3	2	3	1	3	3	4	4	3	3	4	3	4	4
145300	3	2	3	1	3	3	4	4	3	3	4	3	4	4
145400	2	2	2	1	3	3	4	4	3	2	4	3	4	4
145500	3	2	3	1	2	3	4	4	2	3	4	2	4	4
145600	2	2	2	1	2	3	4	4	2	2	4	2	4	4
145700	2	2	2	1	2	3	4	4	2	2	4	2	4	4
145800	2	2	2	1	3	3	4	4	3	2	4	3	4	4
145900	2	2	2	1	2	3	4	4	2	2	4	2	4	4
146000	2	2	2	1	3	3	4	4	3	2	4	3	4	4
146100	2	2	2	1	3	3	4	4	3	2	4	3	4	4
146200	2	2	2	1	2	3	4	4	2	2	4	2	4	4
146300	2	2	2	1	2	3	4	4	2	2	4	2	4	4
146400	2	2	2	1	3	3	4	4	3	2	4	3	4	4
146500	2	2	2	1	3	3	4	4	3	2	4	3	4	4
146600	2	2	2	1	7	3	4	4	2	2	4	7	4	4
146700	2	2	2	1	2	3	4	4	2	2	4	2	4	4
146800	2	2	2	1	3	3	4	4	3	2	4	3	4	4
146900	2	2	2	1	3	3	4	4	3	2	4	3	4	4
147000	3	2	3	1	3	3	4	4	3	3	4	3	4	4
147100	3	2	3	1	3	3	4	4	3	3	4	3	4	4
147200	3	2	3	1	2	3	4	4	2	3	4	2	4	4
147300	2	2	2	1	2	3	4	4	2	2	4	2	4	4
147400	2	2	2	1	2	3	4	4	2	2	4	2	4	4
147500	2	2	2	1	3	3	4	4	3	2	4	3	4	4
147600	2	2	2	1	3	3	4	4	3	2	4	3	4	4
147700	2	2	2	1	3	3	4	4	3	2	4	3	4	4
147800	2	2	2	1	2	3	4	4	2	2	4	2	4	4
147900	2	2	2	1	3	3	4	4	3	2	4	3	4	4
148000	3	2	3	1	3	3	4	4	3	3	4	3	4	4
148100	2	2	2	1	2	3	4	4	2	2	4	2	4	4
148200	1	2	1	1	3	3	4	4	3	1	4	3	4	4
148300	1	2	1	1	2	3	4	4	2	1	4	2	4	4
148400	1	2	1	1	2	3	4	4	2	1	4	2	4	4
148500	2	2	2	1	3	3	4	4	3	2	4	3	4	4
148600	2	2	2	1	3	3	4	4	3	2	4	3	4	4
148700	2	2	2	1	3	3	4	4	3	2	4	3	4	4
148800	2	2	2	1	3	3	4	4	3	2	4	3	4	4
148900	2	2	2	1	2	3	4	4	2	2	4	2	4	4
149000	2	2	2	1	3	3	4	4	3	2	4	3	4	4
149100	2	2	2	1	3	3	4	4	3	2	4	3	4	4
149200	2	2	2	1	3	3	4	4	3	2	4	3	4	4
149300	2	2	2	1	2	3	4	4	2	2	4	2	4	4
149400	3	2	3	1	3	3	4	4	3	3	4	3	4	4
149500	2	2	2	1	3	3	4	4	3	2	4	3	4	4
149600	2	2	2	1	2	3	4	4	2	2	4	2	4	4
149700	2	2	2	1	3	3	4	4	3	2	4	3	4	4
149800	2	2	2	1	2	3	4	4	7	2	4	7	4	4
149900	2	2	2	1	3	3	4	4	7	2	4	7	4	4
150000	2	2	2	1	3	3	4	4	3	2	4	3	4	4
150100	2	2	2	1	2	3	4	4	2	2	4	2	4	4
150200	2	2	2	1	2	3	4	4	2	2	4	2	4	4
150300	2	2	2	1	2	3	4	4	2	2	4	2	4	4
150400	2	2	2	1	3	3	4	4	7	2	4	7	4	4
150500	2	2	2	1	2	3	4	4	2	2	4	2	4	4
150600	2	2	2	1	3	3	4	4	3	2	4	3	4	4
150700	2	2	2	1	3	3	4	4	3	2	4	3	4	4
150800	2	2	2	1	3	3	4	4	3	2	4	3	4	4
150900	2	2	2	1	2	3	4	4	2	2	4	2	4	4
151000	2	2	2	1	3	3	4	4	3	2	4	3	4	4
151100	2	2	2	1	3	3	4	4	3	2	4	3	4	4
151200	3	2	3	1	3	3	4	4	3	3	4	3	4	4
151300	2	2	2	1	2	3	4	4	2	2	4	2	4	4
151400	2	2	2	1	3	3	4	4	3	2	4	3	4	4
151500	2	2	2	1	3	3	4	4	3	2	4	3	4	4
151600	2	2	2	1	2	3	4	4	2	2	4	2	4	4
151700	3	2	7	1	3	3	4	4	3	7	4	3	4	4
151800	3	2	3	1	3	3	4	4	3	3	4	3	4	4
151900	3	2	3	1	2	3	4	4	2	3	4	2	4	4
152000	3	2	3	1	2	3	4	4	2	3	4	2	4	4
152100	2	2	2	1	2	3	4	4	2	2	4	2	4	4
152200	2	2	2	1	3	3	4	4	3	2	4	3	4	4
152300	2	2	2	1	3	3	4	4	3	2	4	3	4	4
152400	2	2	2	1	3	3	4	4	3	2	4	3	4	4
152500	2	2	2	1	2	3	4	4	2	2	4	2	4	4
152600	3	2	3	1	2	3	4	4	2	3	4	2	4	4
152700	2	2	2	1	7	3	4	4	3	2	4	7	4	4
152800	3	2	3	1	2	3	4	4	2	3	4	2	4	4
152900	2	2	2	1	2	3	4	4	2	2	4	2	4	4
153000	2	2	2	1	3	3	4	4	3	2	4	3	4	4
153100	2	2	2	1	3	3	4	4	3	2	4	3	4	4
153200	2	2	2	1	3	3	4	4	3	2	4	3	4	4
153300	2	2	2	1	3	3	4	4	3	2	4	3	4	4
153400	2	2	2	1	4	3	4	4	4	2	4	4	4	4
153500	2	2	2	1	3	3	3	4	4	2	4	3	4	4
153600	2	2	2	1	4	3	4	4	4	2	4	4	4	4
153700	2	2	2	1	3	3	4	4	3	2	4	3	4	4
153800	2	2	2	1	3	3	4	4	3	2	4	3	4	4
153900	1	2	1	1	3	3	4	4	3	1	4	3	4	4
154000	2	2	2	1	3	3	4	4	3	2	4	3	4	4
154100	2	2	2	1	3	3	4	4	3	2	4	3	4	4
154200	2	2	2	1	2	3	4	4	2	2	4	2	4	4
154300	1	2	1	1	3	3	4	4	3	1	4	3	4	4
154400	1	2	1	1	3	3	4	4	3	1	4	3	4	4
154500	1	2	1	1	3	3	4	4	3	1	4	3	4	4
154600	1	2	1	1	3	3	4	4	3	1	4	3	4	4
154700	1	2	1	1	2	3	4	4	2	1	4	2	4	4
154800	2	2	2	1	3	3	4	4	3	2	4	3	4	4
154900	2	2	2	1	2	3	4	4	2	2	4	2	4	4
155000	2	2	2	1	3	3	4	4	3	2	4	3	4	4
155100	1	2	1	1	3	3	4	4	3	1	4	3	4	4
155200	2	2	2	1	3	3	4	4	3	2	4	3	4	4
155300	2	2	2	1	3	3	4	4	3	2	4	3	4	4
155400	2	2	2	1	2	3	4	4	2	2	4	2	4	4
155500	2	2	2	1	3	3	4	4	3	2	4	3	4	4
155600	2	2	2	1	3	3	4	4	3	2	4	3	4	4
155700	2	2	2	1	3	3	4	4	3	2	4	3	4	4
155800	2	2	2	1	3	3	4	4	3	2	4	3	4	4
155900	2	2	2	1	2	3	4	4	2	2	4	2	4	4
156000	2	2	2	1	3	3	4	4	3	2	4	3	4	4
156100	2	2	2	1	3	3	4	4	3	2	4	3	4	4
156200	2	2	2	1	2	3	4	4	2	2	4	2	4	4
156300	2	2	2	1	2	3	4	4	2	2	4	2	4	4
156400	2	2	2	1	2	3	4	4	2	2	4	2	4	4
156500	2	2	2	1	3	3	4	4	3	2	4	3	4	4
156600	2	2	2	1	3	3	4	4	3	2	4	3	4	4
156700	2	2	2	1	3	3	4	4	3	2	4	3	4	4
156800	2	2	2	1	2	3	4	4	2	2	4	2	4	4
156900	2	2	2	1	7	3	4	4	3	2	4	7	4	4
157000	2	2	2	1	2	3	4	4	2	2	4	2	4	4
157100	2	2	2	1	3	3	4	4	3	2	4	3	4	4
157200	1	2	1	1	2	3	4	4	2	1	4	2	4	4
157300	1	2	1	1	2	3	4	4	2	1	4	2	4	4
157400	1	2	1	1	3	3	4	4	3	1	4	3	4	4
157500	1	2	1	1	2	3	4	4	2	1	4	2	4	4
157600	2	2	2	1	3	3	4	4	3	2	4	3	4	4
157700	2	2	2	1	3	3	4	4	3	2	4	3	4	4
157800	2	2	2	1	7	3	4	4	3	2	4	7	4	4
157900	2	2	2	1	3	3	4	4	3	2	4	3	4	4
158000	2	2	2	1	2	3	4	4	2	2	4	2	4	4
158100	2	2	2	1	3	3	4	4	3	2	4	3	4	4
158200	2	2	2	1	3	3	4	4	3	2	4	3	4	4
158300	2	2	2	1	3	3	4	4	3	2	4	3	4	4
158400	2	2	2	1	2	3	4	4	2	2	4	2	4	4
158500	2	2	2	1	3	3	4	4	3	2	4	3	4	4
158600	2	2	2	1	3	3	4	4	3	2	4	3	4	4
158700	2	2	2	1	3	3	4	4	3	2	4	3	4	4
158800	2	2	2	1	2	3	4	4	2	2	4	2	4	4
158900	3	2	3	1	3	3	4	4	3	3	4	3	4	4
159000	2	2	2	1	3	3	4	4	3	2	4	3	4	4
159100	2	2	2	1	3	3	4	4	3	2	4	3	4	4
159200	2	2	2	1	3	3	4	4	3	2	4	3	4	4
159300	2	2	2	1	2	3	4	4	2	2	4	2	4	4
159400	3	2	3	1	4	3	4	4	4	3	4	4	4	4
159500	2	2	2	1	4	3	4	4	4	2	4	4	4	4
159600	3	2	3	1	4	3	4	4	4	3	4	4	4	4
159700	2	2	2	1	4	3	4	4	4	2	4	4	4	4
159800	2	2	2	1	4	3	4	4	4	2	4	4	4	4
159900	2	2	2	1	3	3	4	4	3	2	4	3	4	4
160000	3	2	3	1	3	3	4	4	3	3	4	3	4	4
160100	2	2	2	1	3	3	4	4	3	2	4	3	4	4
160200	2	2	2	1	3	3	4	4	3	2	4	3	4	4
160300	2	2	2	1	3	3	4	4	3	2	4	3	4	4
160400	2	2	2	1	3	3	4	4	3	2	4	3	4	4
160500	2	2	2	1	3	3	4	4	3	2	4	3	4	4
160600	2	2	2	1	4	3	4	4	4	2	4	4	4	4
160700	2	2	2	1	4	3	4	4	4	2	4	4	4	4
160800	2	2	2	1	3	3	4	4	3	2	4	3	4	4
160900	2	2	2	1	3	3	4	4	3	2	4	3	4	4
